{"uid":"b88b44478d7d981b","name":"LOGIN_STUDENT_CONFIRMED_WITH_NAME_PASSWORD_BY_USERNAME_PASSWORD","fullName":"lms_tests.Tests_UI.login_tests.LoginTests.LOGIN_STUDENT_CONFIRMED_WITH_NAME_PASSWORD_BY_USERNAME_PASSWORD","historyId":"de3f0efaf012d2a4c2b6809388ffee9b","time":{"start":1710711554462,"stop":1710711555956,"duration":1494},"status":"failed","statusMessage":"\nCurrent page URL has not expected value\nExpected result [false]\nCurrent URL  https://lms-development-rtprf.ondigitalocean.app/#/student-cabinet/lessons\nExpected URL https://lms-development-rtprf.ondigitalocean.app/#/student-cabinet/lessons expected [false] but found [true]","statusTrace":"java.lang.AssertionError: \nCurrent page URL has not expected value\nExpected result [false]\nCurrent URL  https://lms-development-rtprf.ondigitalocean.app/#/student-cabinet/lessons\nExpected URL https://lms-development-rtprf.ondigitalocean.app/#/student-cabinet/lessons expected [false] but found [true]\n\tat org.testng.Assert.fail(Assert.java:111)\n\tat org.testng.Assert.failNotEquals(Assert.java:1578)\n\tat org.testng.Assert.assertFalse(Assert.java:79)\n\tat lms_pages.BasePage.lambda$isCurrentPage$1(BasePage.java:29)\n\tat io.qameta.allure.Allure.lambda$step$0(Allure.java:113)\n\tat io.qameta.allure.Allure.lambda$step$1(Allure.java:127)\n\tat io.qameta.allure.Allure.step(Allure.java:181)\n\tat io.qameta.allure.Allure.step(Allure.java:125)\n\tat io.qameta.allure.Allure.step(Allure.java:112)\n\tat lms_pages.BasePage.isCurrentPage(BasePage.java:18)\n\tat lms_tests.Tests_UI.login_tests.LoginTests.LOGIN_STUDENT_CONFIRMED_WITH_NAME_PASSWORD_BY_USERNAME_PASSWORD(LoginTests.java:35)\n\tat java.base/jdk.internal.reflect.DirectMethodHandleAccessor.invoke(DirectMethodHandleAccessor.java:103)\n\tat java.base/java.lang.reflect.Method.invoke(Method.java:580)\n\tat org.testng.internal.invokers.MethodInvocationHelper.invokeMethod(MethodInvocationHelper.java:139)\n\tat org.testng.internal.invokers.TestInvoker.invokeMethod(TestInvoker.java:664)\n\tat org.testng.internal.invokers.TestInvoker.invokeTestMethod(TestInvoker.java:228)\n\tat org.testng.internal.invokers.MethodRunner.runInSequence(MethodRunner.java:63)\n\tat org.testng.internal.invokers.TestInvoker$MethodInvocationAgent.invoke(TestInvoker.java:961)\n\tat org.testng.internal.invokers.TestInvoker.invokeTestMethods(TestInvoker.java:201)\n\tat org.testng.internal.invokers.TestMethodWorker.invokeTestMethods(TestMethodWorker.java:148)\n\tat org.testng.internal.invokers.TestMethodWorker.run(TestMethodWorker.java:128)\n\tat java.base/java.util.ArrayList.forEach(ArrayList.java:1596)\n\tat org.testng.TestRunner.privateRun(TestRunner.java:819)\n\tat org.testng.TestRunner.run(TestRunner.java:619)\n\tat org.testng.SuiteRunner.runTest(SuiteRunner.java:443)\n\tat org.testng.SuiteRunner.runSequentially(SuiteRunner.java:437)\n\tat org.testng.SuiteRunner.privateRun(SuiteRunner.java:397)\n\tat org.testng.SuiteRunner.run(SuiteRunner.java:336)\n\tat org.testng.SuiteRunnerWorker.runSuite(SuiteRunnerWorker.java:52)\n\tat org.testng.SuiteRunnerWorker.run(SuiteRunnerWorker.java:95)\n\tat org.testng.TestNG.runSuitesSequentially(TestNG.java:1301)\n\tat org.testng.TestNG.runSuitesLocally(TestNG.java:1228)\n\tat org.testng.TestNG.runSuites(TestNG.java:1134)\n\tat org.testng.TestNG.run(TestNG.java:1101)\n\tat org.gradle.api.internal.tasks.testing.testng.TestNGTestClassProcessor.runTests(TestNGTestClassProcessor.java:148)\n\tat org.gradle.api.internal.tasks.testing.testng.TestNGTestClassProcessor.stop(TestNGTestClassProcessor.java:95)\n\tat org.gradle.api.internal.tasks.testing.SuiteTestClassProcessor.stop(SuiteTestClassProcessor.java:62)\n\tat java.base/jdk.internal.reflect.DirectMethodHandleAccessor.invoke(DirectMethodHandleAccessor.java:103)\n\tat java.base/java.lang.reflect.Method.invoke(Method.java:580)\n\tat org.gradle.internal.dispatch.ReflectionDispatch.dispatch(ReflectionDispatch.java:36)\n\tat org.gradle.internal.dispatch.ReflectionDispatch.dispatch(ReflectionDispatch.java:24)\n\tat org.gradle.internal.dispatch.ContextClassLoaderDispatch.dispatch(ContextClassLoaderDispatch.java:33)\n\tat org.gradle.internal.dispatch.ProxyDispatchAdapter$DispatchingInvocationHandler.invoke(ProxyDispatchAdapter.java:94)\n\tat jdk.proxy1/jdk.proxy1.$Proxy2.stop(Unknown Source)\n\tat org.gradle.api.internal.tasks.testing.worker.TestWorker$3.run(TestWorker.java:193)\n\tat org.gradle.api.internal.tasks.testing.worker.TestWorker.executeAndMaintainThreadName(TestWorker.java:129)\n\tat org.gradle.api.internal.tasks.testing.worker.TestWorker.execute(TestWorker.java:100)\n\tat org.gradle.api.internal.tasks.testing.worker.TestWorker.execute(TestWorker.java:60)\n\tat org.gradle.process.internal.worker.child.ActionExecutionWorker.execute(ActionExecutionWorker.java:56)\n\tat org.gradle.process.internal.worker.child.SystemApplicationClassLoaderWorker.call(SystemApplicationClassLoaderWorker.java:113)\n\tat org.gradle.process.internal.worker.child.SystemApplicationClassLoaderWorker.call(SystemApplicationClassLoaderWorker.java:65)\n\tat worker.org.gradle.process.internal.worker.GradleWorkerMain.run(GradleWorkerMain.java:69)\n\tat worker.org.gradle.process.internal.worker.GradleWorkerMain.main(GradleWorkerMain.java:74)\n","flaky":false,"newFailed":false,"newBroken":false,"newPassed":false,"retriesCount":0,"retriesStatusChange":false,"beforeStages":[{"name":"initContext","time":{"start":1710711553562,"stop":1710711553951,"duration":389},"description":"","status":"passed","steps":[{"name":"Initialize browser and page context for tests","time":{"start":1710711553562,"stop":1710711553951,"duration":389},"status":"passed","steps":[{"name":"Open browser and navigate to Home Page","time":{"start":1710711553638,"stop":1710711553951,"duration":313},"status":"passed","steps":[],"attachments":[],"parameters":[],"shouldDisplayMessage":false,"stepsCount":0,"attachmentsCount":0,"hasContent":false}],"attachments":[],"parameters":[],"shouldDisplayMessage":false,"stepsCount":1,"attachmentsCount":0,"hasContent":true}],"attachments":[],"parameters":[],"shouldDisplayMessage":false,"stepsCount":2,"attachmentsCount":0,"hasContent":true},{"name":"INIT","time":{"start":1710711553952,"stop":1710711554459,"duration":507},"description":"","status":"passed","steps":[],"attachments":[],"parameters":[],"shouldDisplayMessage":false,"stepsCount":0,"attachmentsCount":0,"hasContent":false}],"testStage":{"status":"failed","statusMessage":"\nCurrent page URL has not expected value\nExpected result [false]\nCurrent URL  https://lms-development-rtprf.ondigitalocean.app/#/student-cabinet/lessons\nExpected URL https://lms-development-rtprf.ondigitalocean.app/#/student-cabinet/lessons expected [false] but found [true]","statusTrace":"java.lang.AssertionError: \nCurrent page URL has not expected value\nExpected result [false]\nCurrent URL  https://lms-development-rtprf.ondigitalocean.app/#/student-cabinet/lessons\nExpected URL https://lms-development-rtprf.ondigitalocean.app/#/student-cabinet/lessons expected [false] but found [true]\n\tat org.testng.Assert.fail(Assert.java:111)\n\tat org.testng.Assert.failNotEquals(Assert.java:1578)\n\tat org.testng.Assert.assertFalse(Assert.java:79)\n\tat lms_pages.BasePage.lambda$isCurrentPage$1(BasePage.java:29)\n\tat io.qameta.allure.Allure.lambda$step$0(Allure.java:113)\n\tat io.qameta.allure.Allure.lambda$step$1(Allure.java:127)\n\tat io.qameta.allure.Allure.step(Allure.java:181)\n\tat io.qameta.allure.Allure.step(Allure.java:125)\n\tat io.qameta.allure.Allure.step(Allure.java:112)\n\tat lms_pages.BasePage.isCurrentPage(BasePage.java:18)\n\tat lms_tests.Tests_UI.login_tests.LoginTests.LOGIN_STUDENT_CONFIRMED_WITH_NAME_PASSWORD_BY_USERNAME_PASSWORD(LoginTests.java:35)\n\tat java.base/jdk.internal.reflect.DirectMethodHandleAccessor.invoke(DirectMethodHandleAccessor.java:103)\n\tat java.base/java.lang.reflect.Method.invoke(Method.java:580)\n\tat org.testng.internal.invokers.MethodInvocationHelper.invokeMethod(MethodInvocationHelper.java:139)\n\tat org.testng.internal.invokers.TestInvoker.invokeMethod(TestInvoker.java:664)\n\tat org.testng.internal.invokers.TestInvoker.invokeTestMethod(TestInvoker.java:228)\n\tat org.testng.internal.invokers.MethodRunner.runInSequence(MethodRunner.java:63)\n\tat org.testng.internal.invokers.TestInvoker$MethodInvocationAgent.invoke(TestInvoker.java:961)\n\tat org.testng.internal.invokers.TestInvoker.invokeTestMethods(TestInvoker.java:201)\n\tat org.testng.internal.invokers.TestMethodWorker.invokeTestMethods(TestMethodWorker.java:148)\n\tat org.testng.internal.invokers.TestMethodWorker.run(TestMethodWorker.java:128)\n\tat java.base/java.util.ArrayList.forEach(ArrayList.java:1596)\n\tat org.testng.TestRunner.privateRun(TestRunner.java:819)\n\tat org.testng.TestRunner.run(TestRunner.java:619)\n\tat org.testng.SuiteRunner.runTest(SuiteRunner.java:443)\n\tat org.testng.SuiteRunner.runSequentially(SuiteRunner.java:437)\n\tat org.testng.SuiteRunner.privateRun(SuiteRunner.java:397)\n\tat org.testng.SuiteRunner.run(SuiteRunner.java:336)\n\tat org.testng.SuiteRunnerWorker.runSuite(SuiteRunnerWorker.java:52)\n\tat org.testng.SuiteRunnerWorker.run(SuiteRunnerWorker.java:95)\n\tat org.testng.TestNG.runSuitesSequentially(TestNG.java:1301)\n\tat org.testng.TestNG.runSuitesLocally(TestNG.java:1228)\n\tat org.testng.TestNG.runSuites(TestNG.java:1134)\n\tat org.testng.TestNG.run(TestNG.java:1101)\n\tat org.gradle.api.internal.tasks.testing.testng.TestNGTestClassProcessor.runTests(TestNGTestClassProcessor.java:148)\n\tat org.gradle.api.internal.tasks.testing.testng.TestNGTestClassProcessor.stop(TestNGTestClassProcessor.java:95)\n\tat org.gradle.api.internal.tasks.testing.SuiteTestClassProcessor.stop(SuiteTestClassProcessor.java:62)\n\tat java.base/jdk.internal.reflect.DirectMethodHandleAccessor.invoke(DirectMethodHandleAccessor.java:103)\n\tat java.base/java.lang.reflect.Method.invoke(Method.java:580)\n\tat org.gradle.internal.dispatch.ReflectionDispatch.dispatch(ReflectionDispatch.java:36)\n\tat org.gradle.internal.dispatch.ReflectionDispatch.dispatch(ReflectionDispatch.java:24)\n\tat org.gradle.internal.dispatch.ContextClassLoaderDispatch.dispatch(ContextClassLoaderDispatch.java:33)\n\tat org.gradle.internal.dispatch.ProxyDispatchAdapter$DispatchingInvocationHandler.invoke(ProxyDispatchAdapter.java:94)\n\tat jdk.proxy1/jdk.proxy1.$Proxy2.stop(Unknown Source)\n\tat org.gradle.api.internal.tasks.testing.worker.TestWorker$3.run(TestWorker.java:193)\n\tat org.gradle.api.internal.tasks.testing.worker.TestWorker.executeAndMaintainThreadName(TestWorker.java:129)\n\tat org.gradle.api.internal.tasks.testing.worker.TestWorker.execute(TestWorker.java:100)\n\tat org.gradle.api.internal.tasks.testing.worker.TestWorker.execute(TestWorker.java:60)\n\tat org.gradle.process.internal.worker.child.ActionExecutionWorker.execute(ActionExecutionWorker.java:56)\n\tat org.gradle.process.internal.worker.child.SystemApplicationClassLoaderWorker.call(SystemApplicationClassLoaderWorker.java:113)\n\tat org.gradle.process.internal.worker.child.SystemApplicationClassLoaderWorker.call(SystemApplicationClassLoaderWorker.java:65)\n\tat worker.org.gradle.process.internal.worker.GradleWorkerMain.run(GradleWorkerMain.java:69)\n\tat worker.org.gradle.process.internal.worker.GradleWorkerMain.main(GradleWorkerMain.java:74)\n","steps":[{"name":"Check if user is already logged in","time":{"start":1710711554463,"stop":1710711554487,"duration":24},"status":"passed","steps":[],"attachments":[],"parameters":[],"shouldDisplayMessage":false,"stepsCount":0,"attachmentsCount":0,"hasContent":false},{"name":"Navigate to Home Page","time":{"start":1710711554487,"stop":1710711554517,"duration":30},"status":"passed","steps":[],"attachments":[],"parameters":[],"shouldDisplayMessage":false,"stepsCount":0,"attachmentsCount":0,"hasContent":false},{"name":"Fill in Email address","time":{"start":1710711554517,"stop":1710711554819,"duration":302},"status":"passed","steps":[],"attachments":[],"parameters":[],"shouldDisplayMessage":false,"stepsCount":0,"attachmentsCount":0,"hasContent":false},{"name":"Fill in Password","time":{"start":1710711554819,"stop":1710711554893,"duration":74},"status":"passed","steps":[],"attachments":[],"parameters":[],"shouldDisplayMessage":false,"stepsCount":0,"attachmentsCount":0,"hasContent":false},{"name":"Click on Sign In button","time":{"start":1710711554893,"stop":1710711554933,"duration":40},"status":"passed","steps":[],"attachments":[],"parameters":[],"shouldDisplayMessage":false,"stepsCount":0,"attachmentsCount":0,"hasContent":false},{"name":"Check login status","time":{"start":1710711554933,"stop":1710711555937,"duration":1004},"status":"passed","steps":[],"attachments":[],"parameters":[],"shouldDisplayMessage":false,"stepsCount":0,"attachmentsCount":0,"hasContent":false},{"name":"Check if user is logged in","time":{"start":1710711555937,"stop":1710711555941,"duration":4},"status":"passed","steps":[],"attachments":[],"parameters":[],"shouldDisplayMessage":false,"stepsCount":0,"attachmentsCount":0,"hasContent":false},{"name":"Check if current page matches the expected URL","time":{"start":1710711555943,"stop":1710711555955,"duration":12},"status":"failed","statusMessage":"\nCurrent page URL has not expected value\nExpected result [false]\nCurrent URL  https://lms-development-rtprf.ondigitalocean.app/#/student-cabinet/lessons\nExpected URL https://lms-development-rtprf.ondigitalocean.app/#/student-cabinet/lessons expected [false] but found [true]","statusTrace":"java.lang.AssertionError: \nCurrent page URL has not expected value\nExpected result [false]\nCurrent URL  https://lms-development-rtprf.ondigitalocean.app/#/student-cabinet/lessons\nExpected URL https://lms-development-rtprf.ondigitalocean.app/#/student-cabinet/lessons expected [false] but found [true]\n\tat org.testng.Assert.fail(Assert.java:111)\n\tat org.testng.Assert.failNotEquals(Assert.java:1578)\n\tat org.testng.Assert.assertFalse(Assert.java:79)\n\tat lms_pages.BasePage.lambda$isCurrentPage$1(BasePage.java:29)\n\tat io.qameta.allure.Allure.lambda$step$0(Allure.java:113)\n\tat io.qameta.allure.Allure.lambda$step$1(Allure.java:127)\n\tat io.qameta.allure.Allure.step(Allure.java:181)\n\tat io.qameta.allure.Allure.step(Allure.java:125)\n\tat io.qameta.allure.Allure.step(Allure.java:112)\n\tat lms_pages.BasePage.isCurrentPage(BasePage.java:18)\n\tat lms_tests.Tests_UI.login_tests.LoginTests.LOGIN_STUDENT_CONFIRMED_WITH_NAME_PASSWORD_BY_USERNAME_PASSWORD(LoginTests.java:35)\n\tat java.base/jdk.internal.reflect.DirectMethodHandleAccessor.invoke(DirectMethodHandleAccessor.java:103)\n\tat java.base/java.lang.reflect.Method.invoke(Method.java:580)\n\tat org.testng.internal.invokers.MethodInvocationHelper.invokeMethod(MethodInvocationHelper.java:139)\n\tat org.testng.internal.invokers.TestInvoker.invokeMethod(TestInvoker.java:664)\n\tat org.testng.internal.invokers.TestInvoker.invokeTestMethod(TestInvoker.java:228)\n\tat org.testng.internal.invokers.MethodRunner.runInSequence(MethodRunner.java:63)\n\tat org.testng.internal.invokers.TestInvoker$MethodInvocationAgent.invoke(TestInvoker.java:961)\n\tat org.testng.internal.invokers.TestInvoker.invokeTestMethods(TestInvoker.java:201)\n\tat org.testng.internal.invokers.TestMethodWorker.invokeTestMethods(TestMethodWorker.java:148)\n\tat org.testng.internal.invokers.TestMethodWorker.run(TestMethodWorker.java:128)\n\tat java.base/java.util.ArrayList.forEach(ArrayList.java:1596)\n\tat org.testng.TestRunner.privateRun(TestRunner.java:819)\n\tat org.testng.TestRunner.run(TestRunner.java:619)\n\tat org.testng.SuiteRunner.runTest(SuiteRunner.java:443)\n\tat org.testng.SuiteRunner.runSequentially(SuiteRunner.java:437)\n\tat org.testng.SuiteRunner.privateRun(SuiteRunner.java:397)\n\tat org.testng.SuiteRunner.run(SuiteRunner.java:336)\n\tat org.testng.SuiteRunnerWorker.runSuite(SuiteRunnerWorker.java:52)\n\tat org.testng.SuiteRunnerWorker.run(SuiteRunnerWorker.java:95)\n\tat org.testng.TestNG.runSuitesSequentially(TestNG.java:1301)\n\tat org.testng.TestNG.runSuitesLocally(TestNG.java:1228)\n\tat org.testng.TestNG.runSuites(TestNG.java:1134)\n\tat org.testng.TestNG.run(TestNG.java:1101)\n\tat org.gradle.api.internal.tasks.testing.testng.TestNGTestClassProcessor.runTests(TestNGTestClassProcessor.java:148)\n\tat org.gradle.api.internal.tasks.testing.testng.TestNGTestClassProcessor.stop(TestNGTestClassProcessor.java:95)\n\tat org.gradle.api.internal.tasks.testing.SuiteTestClassProcessor.stop(SuiteTestClassProcessor.java:62)\n\tat java.base/jdk.internal.reflect.DirectMethodHandleAccessor.invoke(DirectMethodHandleAccessor.java:103)\n\tat java.base/java.lang.reflect.Method.invoke(Method.java:580)\n\tat org.gradle.internal.dispatch.ReflectionDispatch.dispatch(ReflectionDispatch.java:36)\n\tat org.gradle.internal.dispatch.ReflectionDispatch.dispatch(ReflectionDispatch.java:24)\n\tat org.gradle.internal.dispatch.ContextClassLoaderDispatch.dispatch(ContextClassLoaderDispatch.java:33)\n\tat org.gradle.internal.dispatch.ProxyDispatchAdapter$DispatchingInvocationHandler.invoke(ProxyDispatchAdapter.java:94)\n\tat jdk.proxy1/jdk.proxy1.$Proxy2.stop(Unknown Source)\n\tat org.gradle.api.internal.tasks.testing.worker.TestWorker$3.run(TestWorker.java:193)\n\tat org.gradle.api.internal.tasks.testing.worker.TestWorker.executeAndMaintainThreadName(TestWorker.java:129)\n\tat org.gradle.api.internal.tasks.testing.worker.TestWorker.execute(TestWorker.java:100)\n\tat org.gradle.api.internal.tasks.testing.worker.TestWorker.execute(TestWorker.java:60)\n\tat org.gradle.process.internal.worker.child.ActionExecutionWorker.execute(ActionExecutionWorker.java:56)\n\tat org.gradle.process.internal.worker.child.SystemApplicationClassLoaderWorker.call(SystemApplicationClassLoaderWorker.java:113)\n\tat org.gradle.process.internal.worker.child.SystemApplicationClassLoaderWorker.call(SystemApplicationClassLoaderWorker.java:65)\n\tat worker.org.gradle.process.internal.worker.GradleWorkerMain.run(GradleWorkerMain.java:69)\n\tat worker.org.gradle.process.internal.worker.GradleWorkerMain.main(GradleWorkerMain.java:74)\n","steps":[],"attachments":[],"parameters":[],"shouldDisplayMessage":true,"stepsCount":0,"attachmentsCount":0,"hasContent":true}],"attachments":[],"parameters":[],"shouldDisplayMessage":false,"stepsCount":8,"attachmentsCount":0,"hasContent":true},"afterStages":[{"name":"afterMethod","time":{"start":1710711555959,"stop":1710711556711,"duration":752},"description":"","status":"passed","steps":[],"attachments":[{"uid":"6326940880a886a7","name":"Trace.zip","source":"6326940880a886a7.zip","type":"application/zip","size":1208650},{"uid":"878d4b43194f47cf","name":"Screenshot.png","source":"878d4b43194f47cf.png","type":"image/png","size":49663},{"uid":"a169fe06f9666943","name":"Page Source.html","source":"a169fe06f9666943.html","type":"text/html","size":22225},{"uid":"81c21fab660e06a9","name":"Screen capture.webm","source":"81c21fab660e06a9","type":"application/x-matroska","size":242811},{"uid":"420c793e546d1bd1","name":"Har.har","source":"420c793e546d1bd1.html","type":"text/html","size":2732207}],"parameters":[],"shouldDisplayMessage":false,"stepsCount":0,"attachmentsCount":5,"hasContent":true}],"labels":[{"name":"package","value":"lms_tests.Tests_UI.login_tests.LoginTests"},{"name":"testClass","value":"lms_tests.Tests_UI.login_tests.LoginTests"},{"name":"testMethod","value":"LOGIN_STUDENT_CONFIRMED_WITH_NAME_PASSWORD_BY_USERNAME_PASSWORD"},{"name":"parentSuite","value":"Gradle suite"},{"name":"suite","value":"Gradle test"},{"name":"subSuite","value":"lms_tests.Tests_UI.login_tests.LoginTests"},{"name":"host","value":"fv-az1391-39"},{"name":"thread","value":"2568@fv-az1391-39.Test worker(1)"},{"name":"framework","value":"testng"},{"name":"language","value":"java"},{"name":"feature","value":"Login tests"},{"name":"story","value":"Test Case #01"},{"name":"resultFormat","value":"allure2"}],"parameters":[],"links":[],"hidden":false,"retry":false,"extra":{"severity":"normal","retries":[],"categories":[{"name":"Product defects","matchedStatuses":[],"flaky":false}],"history":{"statistic":{"failed":1,"broken":0,"skipped":2,"passed":0,"unknown":0,"total":3},"items":[{"uid":"87a28ee157c41680","reportUrl":"https://NIKOLENKO-TE.github.io/ALLCOM_QA_PLAYWRIGHT/31//#testresult/87a28ee157c41680","status":"skipped","statusDetails":"Error {\n  message='Target page, context or browser has been closed\nBrowser logs:\n\n╔════════════════════════════════════════════════════════════════════════════════════════════════╗\n║ Looks like you launched a headed browser without having a XServer running.                     ║\n║ Set either 'headless: true' or use 'xvfb-run <your-playwright-app>' before running Playwright. ║\n║                                                                                                ║\n║ <3 Playwright Team                                                                             ║\n╚════════════════════════════════════════════════════════════════════════════════════════════════╝\n  name='TargetClosedError\n  stack='TargetClosedError: Target page, context or browser has been closed\nBrowser logs:\n\n╔════════════════════════════════════════════════════════════════════════════════════════════════╗\n║ Looks like you launched a headed browser without having a XServer running.                     ║\n║ Set either 'headless: true' or use 'xvfb-run <your-playwright-app>' before running Playwright. ║\n║                                                                                                ║\n║ <3 Playwright Team                                                                             ║\n╚════════════════════════════════════════════════════════════════════════════════════════════════╝\n    at DispatcherConnection.dispatch (/tmp/playwright-java-12501705933252279164/package/lib/server/dispatchers/dispatcher.js:379:15)\n}\nCall log:\n- <launching> /opt/google/chrome/chrome --disable-field-trial-config --disable-background-networking --enable-features=NetworkService,NetworkServiceInProcess --disable-background-timer-throttling --disable-backgrounding-occluded-windows --disable-back-forward-cache --disable-breakpad --disable-client-side-phishing-detection --disable-component-extensions-with-background-pages --disable-component-update --no-default-browser-check --disable-default-apps --disable-dev-shm-usage --disable-extensions --disable-features=ImprovedCookieControls,LazyFrameLoading,GlobalMediaControls,DestroyProfileOnBrowserClose,MediaRouter,DialMediaRouteProvider,AcceptCHFrame,AutoExpandDetailsElement,CertificateTransparencyComponentUpdater,AvoidUnnecessaryBeforeUnloadCheckSync,Translate,HttpsUpgrades,PaintHolding --allow-pre-commit-input --disable-hang-monitor --disable-ipc-flooding-protection --disable-popup-blocking --disable-prompt-on-repost --disable-renderer-backgrounding --force-color-profile=srgb --metrics-recording-only --no-first-run --enable-automation --password-store=basic --use-mock-keychain --no-service-autorun --export-tagged-pdf --disable-search-engine-choice-screen --no-sandbox --user-data-dir=/tmp/playwright_chromiumdev_profile-C3t2EB --remote-debugging-pipe --no-startup-window\n- <launched> pid=3813\n- [pid=3813][err] [0317/213421.052654:WARNING:chrome_main_linux.cc(80)] Read channel stable from /opt/google/chrome/CHROME_VERSION_EXTRA\n- [pid=3813][err] [3813:3813:0317/213421.265699:ERROR:ozone_platform_x11.cc(243)] Missing X server or $DISPLAY\n- [pid=3813][err] [3813:3813:0317/213421.265720:ERROR:env.cc(257)] The platform failed to initialize.  Exiting.\n","time":{"start":1710711261547,"stop":1710711261548,"duration":1}},{"uid":"1cb33a41fb31d068","reportUrl":"https://NIKOLENKO-TE.github.io/ALLCOM_QA_PLAYWRIGHT/30//#testresult/1cb33a41fb31d068","status":"skipped","statusDetails":"Error {\n  message='Target page, context or browser has been closed\nBrowser logs:\n\n╔════════════════════════════════════════════════════════════════════════════════════════════════╗\n║ Looks like you launched a headed browser without having a XServer running.                     ║\n║ Set either 'headless: true' or use 'xvfb-run <your-playwright-app>' before running Playwright. ║\n║                                                                                                ║\n║ <3 Playwright Team                                                                             ║\n╚════════════════════════════════════════════════════════════════════════════════════════════════╝\n  name='TargetClosedError\n  stack='TargetClosedError: Target page, context or browser has been closed\nBrowser logs:\n\n╔════════════════════════════════════════════════════════════════════════════════════════════════╗\n║ Looks like you launched a headed browser without having a XServer running.                     ║\n║ Set either 'headless: true' or use 'xvfb-run <your-playwright-app>' before running Playwright. ║\n║                                                                                                ║\n║ <3 Playwright Team                                                                             ║\n╚════════════════════════════════════════════════════════════════════════════════════════════════╝\n    at DispatcherConnection.dispatch (/tmp/playwright-java-16333866800417258058/package/lib/server/dispatchers/dispatcher.js:379:15)\n}\nCall log:\n- <launching> /opt/google/chrome/chrome --disable-field-trial-config --disable-background-networking --enable-features=NetworkService,NetworkServiceInProcess --disable-background-timer-throttling --disable-backgrounding-occluded-windows --disable-back-forward-cache --disable-breakpad --disable-client-side-phishing-detection --disable-component-extensions-with-background-pages --disable-component-update --no-default-browser-check --disable-default-apps --disable-dev-shm-usage --disable-extensions --disable-features=ImprovedCookieControls,LazyFrameLoading,GlobalMediaControls,DestroyProfileOnBrowserClose,MediaRouter,DialMediaRouteProvider,AcceptCHFrame,AutoExpandDetailsElement,CertificateTransparencyComponentUpdater,AvoidUnnecessaryBeforeUnloadCheckSync,Translate,HttpsUpgrades,PaintHolding --allow-pre-commit-input --disable-hang-monitor --disable-ipc-flooding-protection --disable-popup-blocking --disable-prompt-on-repost --disable-renderer-backgrounding --force-color-profile=srgb --metrics-recording-only --no-first-run --enable-automation --password-store=basic --use-mock-keychain --no-service-autorun --export-tagged-pdf --disable-search-engine-choice-screen --no-sandbox --user-data-dir=/tmp/playwright_chromiumdev_profile-4oulwL --remote-debugging-pipe --no-startup-window\n- <launched> pid=3748\n- [pid=3748][err] [0317/212448.309976:WARNING:chrome_main_linux.cc(80)] Read channel stable from /opt/google/chrome/CHROME_VERSION_EXTRA\n- [pid=3748][err] [3748:3748:0317/212453.193451:ERROR:ozone_platform_x11.cc(243)] Missing X server or $DISPLAY\n- [pid=3748][err] [3748:3748:0317/212453.193492:ERROR:env.cc(257)] The platform failed to initialize.  Exiting.\n","time":{"start":1710710693932,"stop":1710710693932,"duration":0}}]},"tags":[]},"source":"b88b44478d7d981b.json","parameterValues":[]}