{"uid":"23c127c43bf99f40","name":"LOGIN_ADMIN_CONFIRMED_WITHOUT_ZOOM_ACCOUNT_WITHOUT_PASSWORD","fullName":"lms_tests.Tests_UI.login_tests.LoginTests.LOGIN_ADMIN_CONFIRMED_WITHOUT_ZOOM_ACCOUNT_WITHOUT_PASSWORD","historyId":"ada2cd5cea91848fad21c8d3dcd29784","time":{"start":1712052982738,"stop":1712052983225,"duration":487},"status":"broken","statusMessage":"Error {\n  message='value: expected string, got undefined\n  name='Error\n  stack='Error: value: expected string, got undefined\n    at tString (/tmp/playwright-java-5292929308799330457/package/lib/protocol/validatorPrimitives.js:58:9)\n    at /tmp/playwright-java-5292929308799330457/package/lib/protocol/validatorPrimitives.js:107:21\n    at DispatcherConnection.dispatch (/tmp/playwright-java-5292929308799330457/package/lib/server/dispatchers/dispatcher.js:285:21)\n    at transport.onmessage (/tmp/playwright-java-5292929308799330457/package/lib/cli/driver.js:52:57)\n    at Immediate._onImmediate (/tmp/playwright-java-5292929308799330457/package/lib/protocol/transport.js:77:34)\n    at process.processImmediate (node:internal/timers:478:21)\n}","statusTrace":"com.microsoft.playwright.PlaywrightException: Error {\n  message='value: expected string, got undefined\n  name='Error\n  stack='Error: value: expected string, got undefined\n    at tString (/tmp/playwright-java-5292929308799330457/package/lib/protocol/validatorPrimitives.js:58:9)\n    at /tmp/playwright-java-5292929308799330457/package/lib/protocol/validatorPrimitives.js:107:21\n    at DispatcherConnection.dispatch (/tmp/playwright-java-5292929308799330457/package/lib/server/dispatchers/dispatcher.js:285:21)\n    at transport.onmessage (/tmp/playwright-java-5292929308799330457/package/lib/cli/driver.js:52:57)\n    at Immediate._onImmediate (/tmp/playwright-java-5292929308799330457/package/lib/protocol/transport.js:77:34)\n    at process.processImmediate (node:internal/timers:478:21)\n}\n\tat com.microsoft.playwright.impl.WaitableResult.get(WaitableResult.java:54)\n\tat com.microsoft.playwright.impl.ChannelOwner.runUntil(ChannelOwner.java:120)\n\tat com.microsoft.playwright.impl.Connection.sendMessage(Connection.java:130)\n\tat com.microsoft.playwright.impl.ChannelOwner.sendMessage(ChannelOwner.java:106)\n\tat com.microsoft.playwright.impl.FrameImpl.fillImpl(FrameImpl.java:335)\n\tat com.microsoft.playwright.impl.FrameImpl.lambda$fill$14(FrameImpl.java:325)\n\tat com.microsoft.playwright.impl.LoggingSupport.lambda$withLogging$0(LoggingSupport.java:36)\n\tat com.microsoft.playwright.impl.LoggingSupport.withLogging(LoggingSupport.java:47)\n\tat com.microsoft.playwright.impl.ChannelOwner.withLogging(ChannelOwner.java:89)\n\tat com.microsoft.playwright.impl.LoggingSupport.withLogging(LoggingSupport.java:35)\n\tat com.microsoft.playwright.impl.FrameImpl.fill(FrameImpl.java:325)\n\tat com.microsoft.playwright.impl.LocatorImpl.fill(LocatorImpl.java:226)\n\tat com.microsoft.playwright.Locator.fill(Locator.java:2947)\n\tat lms_pages.BaseHelper.lambda$fillPassword$4(BaseHelper.java:311)\n\tat io.qameta.allure.Allure.lambda$step$0(Allure.java:113)\n\tat io.qameta.allure.Allure.lambda$step$1(Allure.java:127)\n\tat io.qameta.allure.Allure.step(Allure.java:181)\n\tat io.qameta.allure.Allure.step(Allure.java:125)\n\tat io.qameta.allure.Allure.step(Allure.java:112)\n\tat lms_pages.BaseHelper.fillPassword(BaseHelper.java:310)\n\tat lms_pages.UI.LoginPage.loginMethod(LoginPage.java:62)\n\tat lms_pages.UI.LoginPage.login(LoginPage.java:32)\n\tat lms_tests.Tests_UI.login_tests.LoginTests.LOGIN_ADMIN_CONFIRMED_WITHOUT_ZOOM_ACCOUNT_WITHOUT_PASSWORD(LoginTests.java:181)\n\tat java.base/jdk.internal.reflect.NativeMethodAccessorImpl.invoke0(Native Method)\n\tat java.base/jdk.internal.reflect.NativeMethodAccessorImpl.invoke(NativeMethodAccessorImpl.java:77)\n\tat java.base/jdk.internal.reflect.DelegatingMethodAccessorImpl.invoke(DelegatingMethodAccessorImpl.java:43)\n\tat java.base/java.lang.reflect.Method.invoke(Method.java:568)\n\tat org.testng.internal.invokers.MethodInvocationHelper.invokeMethod(MethodInvocationHelper.java:139)\n\tat org.testng.internal.invokers.TestInvoker.invokeMethod(TestInvoker.java:664)\n\tat org.testng.internal.invokers.TestInvoker.invokeTestMethod(TestInvoker.java:228)\n\tat org.testng.internal.invokers.MethodRunner.runInSequence(MethodRunner.java:63)\n\tat org.testng.internal.invokers.TestInvoker$MethodInvocationAgent.invoke(TestInvoker.java:961)\n\tat org.testng.internal.invokers.TestInvoker.invokeTestMethods(TestInvoker.java:201)\n\tat org.testng.internal.invokers.TestMethodWorker.invokeTestMethods(TestMethodWorker.java:148)\n\tat org.testng.internal.invokers.TestMethodWorker.run(TestMethodWorker.java:128)\n\tat java.base/java.util.ArrayList.forEach(ArrayList.java:1511)\n\tat org.testng.TestRunner.privateRun(TestRunner.java:819)\n\tat org.testng.TestRunner.run(TestRunner.java:619)\n\tat org.testng.SuiteRunner.runTest(SuiteRunner.java:443)\n\tat org.testng.SuiteRunner.runSequentially(SuiteRunner.java:437)\n\tat org.testng.SuiteRunner.privateRun(SuiteRunner.java:397)\n\tat org.testng.SuiteRunner.run(SuiteRunner.java:336)\n\tat org.testng.SuiteRunnerWorker.runSuite(SuiteRunnerWorker.java:52)\n\tat org.testng.SuiteRunnerWorker.run(SuiteRunnerWorker.java:95)\n\tat org.testng.TestNG.runSuitesSequentially(TestNG.java:1301)\n\tat org.testng.TestNG.runSuitesLocally(TestNG.java:1228)\n\tat org.testng.TestNG.runSuites(TestNG.java:1134)\n\tat org.testng.TestNG.run(TestNG.java:1101)\n\tat org.gradle.api.internal.tasks.testing.testng.TestNGTestClassProcessor.runTests(TestNGTestClassProcessor.java:148)\n\tat org.gradle.api.internal.tasks.testing.testng.TestNGTestClassProcessor.stop(TestNGTestClassProcessor.java:95)\n\tat org.gradle.api.internal.tasks.testing.SuiteTestClassProcessor.stop(SuiteTestClassProcessor.java:62)\n\tat java.base/jdk.internal.reflect.NativeMethodAccessorImpl.invoke0(Native Method)\n\tat java.base/jdk.internal.reflect.NativeMethodAccessorImpl.invoke(NativeMethodAccessorImpl.java:77)\n\tat java.base/jdk.internal.reflect.DelegatingMethodAccessorImpl.invoke(DelegatingMethodAccessorImpl.java:43)\n\tat java.base/java.lang.reflect.Method.invoke(Method.java:568)\n\tat org.gradle.internal.dispatch.ReflectionDispatch.dispatch(ReflectionDispatch.java:36)\n\tat org.gradle.internal.dispatch.ReflectionDispatch.dispatch(ReflectionDispatch.java:24)\n\tat org.gradle.internal.dispatch.ContextClassLoaderDispatch.dispatch(ContextClassLoaderDispatch.java:33)\n\tat org.gradle.internal.dispatch.ProxyDispatchAdapter$DispatchingInvocationHandler.invoke(ProxyDispatchAdapter.java:94)\n\tat jdk.proxy1/jdk.proxy1.$Proxy2.stop(Unknown Source)\n\tat org.gradle.api.internal.tasks.testing.worker.TestWorker$3.run(TestWorker.java:193)\n\tat org.gradle.api.internal.tasks.testing.worker.TestWorker.executeAndMaintainThreadName(TestWorker.java:129)\n\tat org.gradle.api.internal.tasks.testing.worker.TestWorker.execute(TestWorker.java:100)\n\tat org.gradle.api.internal.tasks.testing.worker.TestWorker.execute(TestWorker.java:60)\n\tat org.gradle.process.internal.worker.child.ActionExecutionWorker.execute(ActionExecutionWorker.java:56)\n\tat org.gradle.process.internal.worker.child.SystemApplicationClassLoaderWorker.call(SystemApplicationClassLoaderWorker.java:113)\n\tat org.gradle.process.internal.worker.child.SystemApplicationClassLoaderWorker.call(SystemApplicationClassLoaderWorker.java:65)\n\tat worker.org.gradle.process.internal.worker.GradleWorkerMain.run(GradleWorkerMain.java:69)\n\tat worker.org.gradle.process.internal.worker.GradleWorkerMain.main(GradleWorkerMain.java:74)\nCaused by: com.microsoft.playwright.impl.DriverException: Error {\n  message='value: expected string, got undefined\n  name='Error\n  stack='Error: value: expected string, got undefined\n    at tString (/tmp/playwright-java-5292929308799330457/package/lib/protocol/validatorPrimitives.js:58:9)\n    at /tmp/playwright-java-5292929308799330457/package/lib/protocol/validatorPrimitives.js:107:21\n    at DispatcherConnection.dispatch (/tmp/playwright-java-5292929308799330457/package/lib/server/dispatchers/dispatcher.js:285:21)\n    at transport.onmessage (/tmp/playwright-java-5292929308799330457/package/lib/cli/driver.js:52:57)\n    at Immediate._onImmediate (/tmp/playwright-java-5292929308799330457/package/lib/protocol/transport.js:77:34)\n    at process.processImmediate (node:internal/timers:478:21)\n}\n\tat com.microsoft.playwright.impl.Connection.dispatch(Connection.java:259)\n\tat com.microsoft.playwright.impl.Connection.processOneMessage(Connection.java:211)\n\tat com.microsoft.playwright.impl.ChannelOwner.runUntil(ChannelOwner.java:118)\n\t... 67 more\n","flaky":false,"newFailed":false,"newBroken":false,"newPassed":false,"retriesCount":0,"retriesStatusChange":false,"beforeStages":[{"name":"initContext","time":{"start":1712052981756,"stop":1712052982243,"duration":487},"description":"","status":"passed","steps":[{"name":"Initialize browser and page context for tests","time":{"start":1712052981756,"stop":1712052982243,"duration":487},"status":"passed","steps":[{"name":"Open browser and navigate to Home Page","time":{"start":1712052981868,"stop":1712052982243,"duration":375},"status":"passed","steps":[],"attachments":[],"parameters":[],"shouldDisplayMessage":false,"stepsCount":0,"attachmentsCount":0,"hasContent":false}],"attachments":[],"parameters":[],"shouldDisplayMessage":false,"stepsCount":1,"attachmentsCount":0,"hasContent":true}],"attachments":[],"parameters":[],"shouldDisplayMessage":false,"stepsCount":2,"attachmentsCount":0,"hasContent":true},{"name":"INIT","time":{"start":1712052982244,"stop":1712052982735,"duration":491},"description":"","status":"passed","steps":[],"attachments":[],"parameters":[],"shouldDisplayMessage":false,"stepsCount":0,"attachmentsCount":0,"hasContent":false}],"testStage":{"status":"broken","statusMessage":"Error {\n  message='value: expected string, got undefined\n  name='Error\n  stack='Error: value: expected string, got undefined\n    at tString (/tmp/playwright-java-5292929308799330457/package/lib/protocol/validatorPrimitives.js:58:9)\n    at /tmp/playwright-java-5292929308799330457/package/lib/protocol/validatorPrimitives.js:107:21\n    at DispatcherConnection.dispatch (/tmp/playwright-java-5292929308799330457/package/lib/server/dispatchers/dispatcher.js:285:21)\n    at transport.onmessage (/tmp/playwright-java-5292929308799330457/package/lib/cli/driver.js:52:57)\n    at Immediate._onImmediate (/tmp/playwright-java-5292929308799330457/package/lib/protocol/transport.js:77:34)\n    at process.processImmediate (node:internal/timers:478:21)\n}","statusTrace":"com.microsoft.playwright.PlaywrightException: Error {\n  message='value: expected string, got undefined\n  name='Error\n  stack='Error: value: expected string, got undefined\n    at tString (/tmp/playwright-java-5292929308799330457/package/lib/protocol/validatorPrimitives.js:58:9)\n    at /tmp/playwright-java-5292929308799330457/package/lib/protocol/validatorPrimitives.js:107:21\n    at DispatcherConnection.dispatch (/tmp/playwright-java-5292929308799330457/package/lib/server/dispatchers/dispatcher.js:285:21)\n    at transport.onmessage (/tmp/playwright-java-5292929308799330457/package/lib/cli/driver.js:52:57)\n    at Immediate._onImmediate (/tmp/playwright-java-5292929308799330457/package/lib/protocol/transport.js:77:34)\n    at process.processImmediate (node:internal/timers:478:21)\n}\n\tat com.microsoft.playwright.impl.WaitableResult.get(WaitableResult.java:54)\n\tat com.microsoft.playwright.impl.ChannelOwner.runUntil(ChannelOwner.java:120)\n\tat com.microsoft.playwright.impl.Connection.sendMessage(Connection.java:130)\n\tat com.microsoft.playwright.impl.ChannelOwner.sendMessage(ChannelOwner.java:106)\n\tat com.microsoft.playwright.impl.FrameImpl.fillImpl(FrameImpl.java:335)\n\tat com.microsoft.playwright.impl.FrameImpl.lambda$fill$14(FrameImpl.java:325)\n\tat com.microsoft.playwright.impl.LoggingSupport.lambda$withLogging$0(LoggingSupport.java:36)\n\tat com.microsoft.playwright.impl.LoggingSupport.withLogging(LoggingSupport.java:47)\n\tat com.microsoft.playwright.impl.ChannelOwner.withLogging(ChannelOwner.java:89)\n\tat com.microsoft.playwright.impl.LoggingSupport.withLogging(LoggingSupport.java:35)\n\tat com.microsoft.playwright.impl.FrameImpl.fill(FrameImpl.java:325)\n\tat com.microsoft.playwright.impl.LocatorImpl.fill(LocatorImpl.java:226)\n\tat com.microsoft.playwright.Locator.fill(Locator.java:2947)\n\tat lms_pages.BaseHelper.lambda$fillPassword$4(BaseHelper.java:311)\n\tat io.qameta.allure.Allure.lambda$step$0(Allure.java:113)\n\tat io.qameta.allure.Allure.lambda$step$1(Allure.java:127)\n\tat io.qameta.allure.Allure.step(Allure.java:181)\n\tat io.qameta.allure.Allure.step(Allure.java:125)\n\tat io.qameta.allure.Allure.step(Allure.java:112)\n\tat lms_pages.BaseHelper.fillPassword(BaseHelper.java:310)\n\tat lms_pages.UI.LoginPage.loginMethod(LoginPage.java:62)\n\tat lms_pages.UI.LoginPage.login(LoginPage.java:32)\n\tat lms_tests.Tests_UI.login_tests.LoginTests.LOGIN_ADMIN_CONFIRMED_WITHOUT_ZOOM_ACCOUNT_WITHOUT_PASSWORD(LoginTests.java:181)\n\tat java.base/jdk.internal.reflect.NativeMethodAccessorImpl.invoke0(Native Method)\n\tat java.base/jdk.internal.reflect.NativeMethodAccessorImpl.invoke(NativeMethodAccessorImpl.java:77)\n\tat java.base/jdk.internal.reflect.DelegatingMethodAccessorImpl.invoke(DelegatingMethodAccessorImpl.java:43)\n\tat java.base/java.lang.reflect.Method.invoke(Method.java:568)\n\tat org.testng.internal.invokers.MethodInvocationHelper.invokeMethod(MethodInvocationHelper.java:139)\n\tat org.testng.internal.invokers.TestInvoker.invokeMethod(TestInvoker.java:664)\n\tat org.testng.internal.invokers.TestInvoker.invokeTestMethod(TestInvoker.java:228)\n\tat org.testng.internal.invokers.MethodRunner.runInSequence(MethodRunner.java:63)\n\tat org.testng.internal.invokers.TestInvoker$MethodInvocationAgent.invoke(TestInvoker.java:961)\n\tat org.testng.internal.invokers.TestInvoker.invokeTestMethods(TestInvoker.java:201)\n\tat org.testng.internal.invokers.TestMethodWorker.invokeTestMethods(TestMethodWorker.java:148)\n\tat org.testng.internal.invokers.TestMethodWorker.run(TestMethodWorker.java:128)\n\tat java.base/java.util.ArrayList.forEach(ArrayList.java:1511)\n\tat org.testng.TestRunner.privateRun(TestRunner.java:819)\n\tat org.testng.TestRunner.run(TestRunner.java:619)\n\tat org.testng.SuiteRunner.runTest(SuiteRunner.java:443)\n\tat org.testng.SuiteRunner.runSequentially(SuiteRunner.java:437)\n\tat org.testng.SuiteRunner.privateRun(SuiteRunner.java:397)\n\tat org.testng.SuiteRunner.run(SuiteRunner.java:336)\n\tat org.testng.SuiteRunnerWorker.runSuite(SuiteRunnerWorker.java:52)\n\tat org.testng.SuiteRunnerWorker.run(SuiteRunnerWorker.java:95)\n\tat org.testng.TestNG.runSuitesSequentially(TestNG.java:1301)\n\tat org.testng.TestNG.runSuitesLocally(TestNG.java:1228)\n\tat org.testng.TestNG.runSuites(TestNG.java:1134)\n\tat org.testng.TestNG.run(TestNG.java:1101)\n\tat org.gradle.api.internal.tasks.testing.testng.TestNGTestClassProcessor.runTests(TestNGTestClassProcessor.java:148)\n\tat org.gradle.api.internal.tasks.testing.testng.TestNGTestClassProcessor.stop(TestNGTestClassProcessor.java:95)\n\tat org.gradle.api.internal.tasks.testing.SuiteTestClassProcessor.stop(SuiteTestClassProcessor.java:62)\n\tat java.base/jdk.internal.reflect.NativeMethodAccessorImpl.invoke0(Native Method)\n\tat java.base/jdk.internal.reflect.NativeMethodAccessorImpl.invoke(NativeMethodAccessorImpl.java:77)\n\tat java.base/jdk.internal.reflect.DelegatingMethodAccessorImpl.invoke(DelegatingMethodAccessorImpl.java:43)\n\tat java.base/java.lang.reflect.Method.invoke(Method.java:568)\n\tat org.gradle.internal.dispatch.ReflectionDispatch.dispatch(ReflectionDispatch.java:36)\n\tat org.gradle.internal.dispatch.ReflectionDispatch.dispatch(ReflectionDispatch.java:24)\n\tat org.gradle.internal.dispatch.ContextClassLoaderDispatch.dispatch(ContextClassLoaderDispatch.java:33)\n\tat org.gradle.internal.dispatch.ProxyDispatchAdapter$DispatchingInvocationHandler.invoke(ProxyDispatchAdapter.java:94)\n\tat jdk.proxy1/jdk.proxy1.$Proxy2.stop(Unknown Source)\n\tat org.gradle.api.internal.tasks.testing.worker.TestWorker$3.run(TestWorker.java:193)\n\tat org.gradle.api.internal.tasks.testing.worker.TestWorker.executeAndMaintainThreadName(TestWorker.java:129)\n\tat org.gradle.api.internal.tasks.testing.worker.TestWorker.execute(TestWorker.java:100)\n\tat org.gradle.api.internal.tasks.testing.worker.TestWorker.execute(TestWorker.java:60)\n\tat org.gradle.process.internal.worker.child.ActionExecutionWorker.execute(ActionExecutionWorker.java:56)\n\tat org.gradle.process.internal.worker.child.SystemApplicationClassLoaderWorker.call(SystemApplicationClassLoaderWorker.java:113)\n\tat org.gradle.process.internal.worker.child.SystemApplicationClassLoaderWorker.call(SystemApplicationClassLoaderWorker.java:65)\n\tat worker.org.gradle.process.internal.worker.GradleWorkerMain.run(GradleWorkerMain.java:69)\n\tat worker.org.gradle.process.internal.worker.GradleWorkerMain.main(GradleWorkerMain.java:74)\nCaused by: com.microsoft.playwright.impl.DriverException: Error {\n  message='value: expected string, got undefined\n  name='Error\n  stack='Error: value: expected string, got undefined\n    at tString (/tmp/playwright-java-5292929308799330457/package/lib/protocol/validatorPrimitives.js:58:9)\n    at /tmp/playwright-java-5292929308799330457/package/lib/protocol/validatorPrimitives.js:107:21\n    at DispatcherConnection.dispatch (/tmp/playwright-java-5292929308799330457/package/lib/server/dispatchers/dispatcher.js:285:21)\n    at transport.onmessage (/tmp/playwright-java-5292929308799330457/package/lib/cli/driver.js:52:57)\n    at Immediate._onImmediate (/tmp/playwright-java-5292929308799330457/package/lib/protocol/transport.js:77:34)\n    at process.processImmediate (node:internal/timers:478:21)\n}\n\tat com.microsoft.playwright.impl.Connection.dispatch(Connection.java:259)\n\tat com.microsoft.playwright.impl.Connection.processOneMessage(Connection.java:211)\n\tat com.microsoft.playwright.impl.ChannelOwner.runUntil(ChannelOwner.java:118)\n\t... 67 more\n","steps":[{"name":"Check if user is logged in","time":{"start":1712052982738,"stop":1712052982764,"duration":26},"status":"passed","steps":[],"attachments":[],"parameters":[],"shouldDisplayMessage":false,"stepsCount":0,"attachmentsCount":0,"hasContent":false},{"name":"Navigate to Home Page","time":{"start":1712052982764,"stop":1712052982799,"duration":35},"status":"passed","steps":[],"attachments":[],"parameters":[],"shouldDisplayMessage":false,"stepsCount":0,"attachmentsCount":0,"hasContent":false},{"name":"Fill in Email address","time":{"start":1712052982831,"stop":1712052983223,"duration":392},"status":"passed","steps":[],"attachments":[],"parameters":[],"shouldDisplayMessage":false,"stepsCount":0,"attachmentsCount":0,"hasContent":false},{"name":"Fill in Password","time":{"start":1712052983223,"stop":1712052983224,"duration":1},"status":"broken","statusMessage":"Error {\n  message='value: expected string, got undefined\n  name='Error\n  stack='Error: value: expected string, got undefined\n    at tString (/tmp/playwright-java-5292929308799330457/package/lib/protocol/validatorPrimitives.js:58:9)\n    at /tmp/playwright-java-5292929308799330457/package/lib/protocol/validatorPrimitives.js:107:21\n    at DispatcherConnection.dispatch (/tmp/playwright-java-5292929308799330457/package/lib/server/dispatchers/dispatcher.js:285:21)\n    at transport.onmessage (/tmp/playwright-java-5292929308799330457/package/lib/cli/driver.js:52:57)\n    at Immediate._onImmediate (/tmp/playwright-java-5292929308799330457/package/lib/protocol/transport.js:77:34)\n    at process.processImmediate (node:internal/timers:478:21)\n}","statusTrace":"com.microsoft.playwright.PlaywrightException: Error {\n  message='value: expected string, got undefined\n  name='Error\n  stack='Error: value: expected string, got undefined\n    at tString (/tmp/playwright-java-5292929308799330457/package/lib/protocol/validatorPrimitives.js:58:9)\n    at /tmp/playwright-java-5292929308799330457/package/lib/protocol/validatorPrimitives.js:107:21\n    at DispatcherConnection.dispatch (/tmp/playwright-java-5292929308799330457/package/lib/server/dispatchers/dispatcher.js:285:21)\n    at transport.onmessage (/tmp/playwright-java-5292929308799330457/package/lib/cli/driver.js:52:57)\n    at Immediate._onImmediate (/tmp/playwright-java-5292929308799330457/package/lib/protocol/transport.js:77:34)\n    at process.processImmediate (node:internal/timers:478:21)\n}\n\tat com.microsoft.playwright.impl.WaitableResult.get(WaitableResult.java:54)\n\tat com.microsoft.playwright.impl.ChannelOwner.runUntil(ChannelOwner.java:120)\n\tat com.microsoft.playwright.impl.Connection.sendMessage(Connection.java:130)\n\tat com.microsoft.playwright.impl.ChannelOwner.sendMessage(ChannelOwner.java:106)\n\tat com.microsoft.playwright.impl.FrameImpl.fillImpl(FrameImpl.java:335)\n\tat com.microsoft.playwright.impl.FrameImpl.lambda$fill$14(FrameImpl.java:325)\n\tat com.microsoft.playwright.impl.LoggingSupport.lambda$withLogging$0(LoggingSupport.java:36)\n\tat com.microsoft.playwright.impl.LoggingSupport.withLogging(LoggingSupport.java:47)\n\tat com.microsoft.playwright.impl.ChannelOwner.withLogging(ChannelOwner.java:89)\n\tat com.microsoft.playwright.impl.LoggingSupport.withLogging(LoggingSupport.java:35)\n\tat com.microsoft.playwright.impl.FrameImpl.fill(FrameImpl.java:325)\n\tat com.microsoft.playwright.impl.LocatorImpl.fill(LocatorImpl.java:226)\n\tat com.microsoft.playwright.Locator.fill(Locator.java:2947)\n\tat lms_pages.BaseHelper.lambda$fillPassword$4(BaseHelper.java:311)\n\tat io.qameta.allure.Allure.lambda$step$0(Allure.java:113)\n\tat io.qameta.allure.Allure.lambda$step$1(Allure.java:127)\n\tat io.qameta.allure.Allure.step(Allure.java:181)\n\tat io.qameta.allure.Allure.step(Allure.java:125)\n\tat io.qameta.allure.Allure.step(Allure.java:112)\n\tat lms_pages.BaseHelper.fillPassword(BaseHelper.java:310)\n\tat lms_pages.UI.LoginPage.loginMethod(LoginPage.java:62)\n\tat lms_pages.UI.LoginPage.login(LoginPage.java:32)\n\tat lms_tests.Tests_UI.login_tests.LoginTests.LOGIN_ADMIN_CONFIRMED_WITHOUT_ZOOM_ACCOUNT_WITHOUT_PASSWORD(LoginTests.java:181)\n\tat java.base/jdk.internal.reflect.NativeMethodAccessorImpl.invoke0(Native Method)\n\tat java.base/jdk.internal.reflect.NativeMethodAccessorImpl.invoke(NativeMethodAccessorImpl.java:77)\n\tat java.base/jdk.internal.reflect.DelegatingMethodAccessorImpl.invoke(DelegatingMethodAccessorImpl.java:43)\n\tat java.base/java.lang.reflect.Method.invoke(Method.java:568)\n\tat org.testng.internal.invokers.MethodInvocationHelper.invokeMethod(MethodInvocationHelper.java:139)\n\tat org.testng.internal.invokers.TestInvoker.invokeMethod(TestInvoker.java:664)\n\tat org.testng.internal.invokers.TestInvoker.invokeTestMethod(TestInvoker.java:228)\n\tat org.testng.internal.invokers.MethodRunner.runInSequence(MethodRunner.java:63)\n\tat org.testng.internal.invokers.TestInvoker$MethodInvocationAgent.invoke(TestInvoker.java:961)\n\tat org.testng.internal.invokers.TestInvoker.invokeTestMethods(TestInvoker.java:201)\n\tat org.testng.internal.invokers.TestMethodWorker.invokeTestMethods(TestMethodWorker.java:148)\n\tat org.testng.internal.invokers.TestMethodWorker.run(TestMethodWorker.java:128)\n\tat java.base/java.util.ArrayList.forEach(ArrayList.java:1511)\n\tat org.testng.TestRunner.privateRun(TestRunner.java:819)\n\tat org.testng.TestRunner.run(TestRunner.java:619)\n\tat org.testng.SuiteRunner.runTest(SuiteRunner.java:443)\n\tat org.testng.SuiteRunner.runSequentially(SuiteRunner.java:437)\n\tat org.testng.SuiteRunner.privateRun(SuiteRunner.java:397)\n\tat org.testng.SuiteRunner.run(SuiteRunner.java:336)\n\tat org.testng.SuiteRunnerWorker.runSuite(SuiteRunnerWorker.java:52)\n\tat org.testng.SuiteRunnerWorker.run(SuiteRunnerWorker.java:95)\n\tat org.testng.TestNG.runSuitesSequentially(TestNG.java:1301)\n\tat org.testng.TestNG.runSuitesLocally(TestNG.java:1228)\n\tat org.testng.TestNG.runSuites(TestNG.java:1134)\n\tat org.testng.TestNG.run(TestNG.java:1101)\n\tat org.gradle.api.internal.tasks.testing.testng.TestNGTestClassProcessor.runTests(TestNGTestClassProcessor.java:148)\n\tat org.gradle.api.internal.tasks.testing.testng.TestNGTestClassProcessor.stop(TestNGTestClassProcessor.java:95)\n\tat org.gradle.api.internal.tasks.testing.SuiteTestClassProcessor.stop(SuiteTestClassProcessor.java:62)\n\tat java.base/jdk.internal.reflect.NativeMethodAccessorImpl.invoke0(Native Method)\n\tat java.base/jdk.internal.reflect.NativeMethodAccessorImpl.invoke(NativeMethodAccessorImpl.java:77)\n\tat java.base/jdk.internal.reflect.DelegatingMethodAccessorImpl.invoke(DelegatingMethodAccessorImpl.java:43)\n\tat java.base/java.lang.reflect.Method.invoke(Method.java:568)\n\tat org.gradle.internal.dispatch.ReflectionDispatch.dispatch(ReflectionDispatch.java:36)\n\tat org.gradle.internal.dispatch.ReflectionDispatch.dispatch(ReflectionDispatch.java:24)\n\tat org.gradle.internal.dispatch.ContextClassLoaderDispatch.dispatch(ContextClassLoaderDispatch.java:33)\n\tat org.gradle.internal.dispatch.ProxyDispatchAdapter$DispatchingInvocationHandler.invoke(ProxyDispatchAdapter.java:94)\n\tat jdk.proxy1/jdk.proxy1.$Proxy2.stop(Unknown Source)\n\tat org.gradle.api.internal.tasks.testing.worker.TestWorker$3.run(TestWorker.java:193)\n\tat org.gradle.api.internal.tasks.testing.worker.TestWorker.executeAndMaintainThreadName(TestWorker.java:129)\n\tat org.gradle.api.internal.tasks.testing.worker.TestWorker.execute(TestWorker.java:100)\n\tat org.gradle.api.internal.tasks.testing.worker.TestWorker.execute(TestWorker.java:60)\n\tat org.gradle.process.internal.worker.child.ActionExecutionWorker.execute(ActionExecutionWorker.java:56)\n\tat org.gradle.process.internal.worker.child.SystemApplicationClassLoaderWorker.call(SystemApplicationClassLoaderWorker.java:113)\n\tat org.gradle.process.internal.worker.child.SystemApplicationClassLoaderWorker.call(SystemApplicationClassLoaderWorker.java:65)\n\tat worker.org.gradle.process.internal.worker.GradleWorkerMain.run(GradleWorkerMain.java:69)\n\tat worker.org.gradle.process.internal.worker.GradleWorkerMain.main(GradleWorkerMain.java:74)\nCaused by: com.microsoft.playwright.impl.DriverException: Error {\n  message='value: expected string, got undefined\n  name='Error\n  stack='Error: value: expected string, got undefined\n    at tString (/tmp/playwright-java-5292929308799330457/package/lib/protocol/validatorPrimitives.js:58:9)\n    at /tmp/playwright-java-5292929308799330457/package/lib/protocol/validatorPrimitives.js:107:21\n    at DispatcherConnection.dispatch (/tmp/playwright-java-5292929308799330457/package/lib/server/dispatchers/dispatcher.js:285:21)\n    at transport.onmessage (/tmp/playwright-java-5292929308799330457/package/lib/cli/driver.js:52:57)\n    at Immediate._onImmediate (/tmp/playwright-java-5292929308799330457/package/lib/protocol/transport.js:77:34)\n    at process.processImmediate (node:internal/timers:478:21)\n}\n\tat com.microsoft.playwright.impl.Connection.dispatch(Connection.java:259)\n\tat com.microsoft.playwright.impl.Connection.processOneMessage(Connection.java:211)\n\tat com.microsoft.playwright.impl.ChannelOwner.runUntil(ChannelOwner.java:118)\n\t... 67 more\n","steps":[],"attachments":[],"parameters":[],"shouldDisplayMessage":true,"stepsCount":0,"attachmentsCount":0,"hasContent":true}],"attachments":[],"parameters":[],"shouldDisplayMessage":false,"stepsCount":4,"attachmentsCount":0,"hasContent":true},"afterStages":[{"name":"afterMethod","time":{"start":1712052983228,"stop":1712052983885,"duration":657},"description":"","status":"passed","steps":[],"attachments":[{"uid":"fe859f5a5b49269c","name":"Trace.zip","source":"fe859f5a5b49269c.zip","type":"application/zip","size":577278},{"uid":"606d1428d67c4b12","name":"Screenshot.png","source":"606d1428d67c4b12.png","type":"image/png","size":37186},{"uid":"48be52971636232","name":"Page Source.html","source":"48be52971636232.html","type":"text/html","size":15729},{"uid":"c282fba150c9c890","name":"Screen capture.webm","source":"c282fba150c9c890","type":"application/x-matroska","size":128884},{"uid":"b36293f63ffeea3d","name":"Har.har","source":"b36293f63ffeea3d.html","type":"text/html","size":2808186}],"parameters":[],"shouldDisplayMessage":false,"stepsCount":0,"attachmentsCount":5,"hasContent":true}],"labels":[{"name":"package","value":"lms_tests.Tests_UI.login_tests.LoginTests"},{"name":"testClass","value":"lms_tests.Tests_UI.login_tests.LoginTests"},{"name":"testMethod","value":"LOGIN_ADMIN_CONFIRMED_WITHOUT_ZOOM_ACCOUNT_WITHOUT_PASSWORD"},{"name":"parentSuite","value":"Gradle suite"},{"name":"suite","value":"Gradle test"},{"name":"subSuite","value":"lms_tests.Tests_UI.login_tests.LoginTests"},{"name":"host","value":"fv-az914-414"},{"name":"thread","value":"5423@fv-az914-414.Test worker(1)"},{"name":"framework","value":"testng"},{"name":"language","value":"java"},{"name":"story","value":"Test Case #17"},{"name":"feature","value":"Login tests"},{"name":"resultFormat","value":"allure2"}],"parameters":[],"links":[],"hidden":false,"retry":false,"extra":{"severity":"normal","retries":[],"categories":[{"name":"Test defects","matchedStatuses":[],"flaky":false}],"tags":[]},"source":"23c127c43bf99f40.json","parameterValues":[]}