{"uid":"c13868b279c89913","name":"LOGIN_TEACHER_NOT_CONFIRMED_WITHOUT_ZOOM_ACCOUNT_WITHOUT_PASSWORD","fullName":"lms_tests.Tests_UI.login_tests.LoginTests.LOGIN_TEACHER_NOT_CONFIRMED_WITHOUT_ZOOM_ACCOUNT_WITHOUT_PASSWORD","historyId":"ddd3b68dac906d9f14507506dd1eae02","time":{"start":1712052414725,"stop":1712052415691,"duration":966},"status":"broken","statusMessage":"Error {\n  message='value: expected string, got undefined\n  name='Error\n  stack='Error: value: expected string, got undefined\n    at tString (/tmp/playwright-java-14534165586366510812/package/lib/protocol/validatorPrimitives.js:58:9)\n    at /tmp/playwright-java-14534165586366510812/package/lib/protocol/validatorPrimitives.js:107:21\n    at DispatcherConnection.dispatch (/tmp/playwright-java-14534165586366510812/package/lib/server/dispatchers/dispatcher.js:285:21)\n    at transport.onmessage (/tmp/playwright-java-14534165586366510812/package/lib/cli/driver.js:52:57)\n    at Immediate._onImmediate (/tmp/playwright-java-14534165586366510812/package/lib/protocol/transport.js:77:34)\n    at process.processImmediate (node:internal/timers:478:21)\n}","statusTrace":"com.microsoft.playwright.PlaywrightException: Error {\n  message='value: expected string, got undefined\n  name='Error\n  stack='Error: value: expected string, got undefined\n    at tString (/tmp/playwright-java-14534165586366510812/package/lib/protocol/validatorPrimitives.js:58:9)\n    at /tmp/playwright-java-14534165586366510812/package/lib/protocol/validatorPrimitives.js:107:21\n    at DispatcherConnection.dispatch (/tmp/playwright-java-14534165586366510812/package/lib/server/dispatchers/dispatcher.js:285:21)\n    at transport.onmessage (/tmp/playwright-java-14534165586366510812/package/lib/cli/driver.js:52:57)\n    at Immediate._onImmediate (/tmp/playwright-java-14534165586366510812/package/lib/protocol/transport.js:77:34)\n    at process.processImmediate (node:internal/timers:478:21)\n}\n\tat com.microsoft.playwright.impl.WaitableResult.get(WaitableResult.java:54)\n\tat com.microsoft.playwright.impl.ChannelOwner.runUntil(ChannelOwner.java:120)\n\tat com.microsoft.playwright.impl.Connection.sendMessage(Connection.java:130)\n\tat com.microsoft.playwright.impl.ChannelOwner.sendMessage(ChannelOwner.java:106)\n\tat com.microsoft.playwright.impl.FrameImpl.fillImpl(FrameImpl.java:335)\n\tat com.microsoft.playwright.impl.FrameImpl.lambda$fill$14(FrameImpl.java:325)\n\tat com.microsoft.playwright.impl.LoggingSupport.lambda$withLogging$0(LoggingSupport.java:36)\n\tat com.microsoft.playwright.impl.LoggingSupport.withLogging(LoggingSupport.java:47)\n\tat com.microsoft.playwright.impl.ChannelOwner.withLogging(ChannelOwner.java:89)\n\tat com.microsoft.playwright.impl.LoggingSupport.withLogging(LoggingSupport.java:35)\n\tat com.microsoft.playwright.impl.FrameImpl.fill(FrameImpl.java:325)\n\tat com.microsoft.playwright.impl.LocatorImpl.fill(LocatorImpl.java:226)\n\tat com.microsoft.playwright.Locator.fill(Locator.java:2947)\n\tat lms_pages.BaseHelper.lambda$fillPassword$4(BaseHelper.java:311)\n\tat io.qameta.allure.Allure.lambda$step$0(Allure.java:113)\n\tat io.qameta.allure.Allure.lambda$step$1(Allure.java:127)\n\tat io.qameta.allure.Allure.step(Allure.java:181)\n\tat io.qameta.allure.Allure.step(Allure.java:125)\n\tat io.qameta.allure.Allure.step(Allure.java:112)\n\tat lms_pages.BaseHelper.fillPassword(BaseHelper.java:310)\n\tat lms_pages.UI.LoginPage.loginMethod(LoginPage.java:62)\n\tat lms_pages.UI.LoginPage.login(LoginPage.java:32)\n\tat lms_tests.Tests_UI.login_tests.LoginTests.LOGIN_TEACHER_NOT_CONFIRMED_WITHOUT_ZOOM_ACCOUNT_WITHOUT_PASSWORD(LoginTests.java:136)\n\tat java.base/jdk.internal.reflect.NativeMethodAccessorImpl.invoke0(Native Method)\n\tat java.base/jdk.internal.reflect.NativeMethodAccessorImpl.invoke(NativeMethodAccessorImpl.java:77)\n\tat java.base/jdk.internal.reflect.DelegatingMethodAccessorImpl.invoke(DelegatingMethodAccessorImpl.java:43)\n\tat java.base/java.lang.reflect.Method.invoke(Method.java:568)\n\tat org.testng.internal.invokers.MethodInvocationHelper.invokeMethod(MethodInvocationHelper.java:139)\n\tat org.testng.internal.invokers.TestInvoker.invokeMethod(TestInvoker.java:664)\n\tat org.testng.internal.invokers.TestInvoker.invokeTestMethod(TestInvoker.java:228)\n\tat org.testng.internal.invokers.MethodRunner.runInSequence(MethodRunner.java:63)\n\tat org.testng.internal.invokers.TestInvoker$MethodInvocationAgent.invoke(TestInvoker.java:961)\n\tat org.testng.internal.invokers.TestInvoker.invokeTestMethods(TestInvoker.java:201)\n\tat org.testng.internal.invokers.TestMethodWorker.invokeTestMethods(TestMethodWorker.java:148)\n\tat org.testng.internal.invokers.TestMethodWorker.run(TestMethodWorker.java:128)\n\tat java.base/java.util.ArrayList.forEach(ArrayList.java:1511)\n\tat org.testng.TestRunner.privateRun(TestRunner.java:819)\n\tat org.testng.TestRunner.run(TestRunner.java:619)\n\tat org.testng.SuiteRunner.runTest(SuiteRunner.java:443)\n\tat org.testng.SuiteRunner.runSequentially(SuiteRunner.java:437)\n\tat org.testng.SuiteRunner.privateRun(SuiteRunner.java:397)\n\tat org.testng.SuiteRunner.run(SuiteRunner.java:336)\n\tat org.testng.SuiteRunnerWorker.runSuite(SuiteRunnerWorker.java:52)\n\tat org.testng.SuiteRunnerWorker.run(SuiteRunnerWorker.java:95)\n\tat org.testng.TestNG.runSuitesSequentially(TestNG.java:1301)\n\tat org.testng.TestNG.runSuitesLocally(TestNG.java:1228)\n\tat org.testng.TestNG.runSuites(TestNG.java:1134)\n\tat org.testng.TestNG.run(TestNG.java:1101)\n\tat org.gradle.api.internal.tasks.testing.testng.TestNGTestClassProcessor.runTests(TestNGTestClassProcessor.java:148)\n\tat org.gradle.api.internal.tasks.testing.testng.TestNGTestClassProcessor.stop(TestNGTestClassProcessor.java:95)\n\tat org.gradle.api.internal.tasks.testing.SuiteTestClassProcessor.stop(SuiteTestClassProcessor.java:62)\n\tat java.base/jdk.internal.reflect.NativeMethodAccessorImpl.invoke0(Native Method)\n\tat java.base/jdk.internal.reflect.NativeMethodAccessorImpl.invoke(NativeMethodAccessorImpl.java:77)\n\tat java.base/jdk.internal.reflect.DelegatingMethodAccessorImpl.invoke(DelegatingMethodAccessorImpl.java:43)\n\tat java.base/java.lang.reflect.Method.invoke(Method.java:568)\n\tat org.gradle.internal.dispatch.ReflectionDispatch.dispatch(ReflectionDispatch.java:36)\n\tat org.gradle.internal.dispatch.ReflectionDispatch.dispatch(ReflectionDispatch.java:24)\n\tat org.gradle.internal.dispatch.ContextClassLoaderDispatch.dispatch(ContextClassLoaderDispatch.java:33)\n\tat org.gradle.internal.dispatch.ProxyDispatchAdapter$DispatchingInvocationHandler.invoke(ProxyDispatchAdapter.java:94)\n\tat jdk.proxy1/jdk.proxy1.$Proxy2.stop(Unknown Source)\n\tat org.gradle.api.internal.tasks.testing.worker.TestWorker$3.run(TestWorker.java:193)\n\tat org.gradle.api.internal.tasks.testing.worker.TestWorker.executeAndMaintainThreadName(TestWorker.java:129)\n\tat org.gradle.api.internal.tasks.testing.worker.TestWorker.execute(TestWorker.java:100)\n\tat org.gradle.api.internal.tasks.testing.worker.TestWorker.execute(TestWorker.java:60)\n\tat org.gradle.process.internal.worker.child.ActionExecutionWorker.execute(ActionExecutionWorker.java:56)\n\tat org.gradle.process.internal.worker.child.SystemApplicationClassLoaderWorker.call(SystemApplicationClassLoaderWorker.java:113)\n\tat org.gradle.process.internal.worker.child.SystemApplicationClassLoaderWorker.call(SystemApplicationClassLoaderWorker.java:65)\n\tat worker.org.gradle.process.internal.worker.GradleWorkerMain.run(GradleWorkerMain.java:69)\n\tat worker.org.gradle.process.internal.worker.GradleWorkerMain.main(GradleWorkerMain.java:74)\nCaused by: com.microsoft.playwright.impl.DriverException: Error {\n  message='value: expected string, got undefined\n  name='Error\n  stack='Error: value: expected string, got undefined\n    at tString (/tmp/playwright-java-14534165586366510812/package/lib/protocol/validatorPrimitives.js:58:9)\n    at /tmp/playwright-java-14534165586366510812/package/lib/protocol/validatorPrimitives.js:107:21\n    at DispatcherConnection.dispatch (/tmp/playwright-java-14534165586366510812/package/lib/server/dispatchers/dispatcher.js:285:21)\n    at transport.onmessage (/tmp/playwright-java-14534165586366510812/package/lib/cli/driver.js:52:57)\n    at Immediate._onImmediate (/tmp/playwright-java-14534165586366510812/package/lib/protocol/transport.js:77:34)\n    at process.processImmediate (node:internal/timers:478:21)\n}\n\tat com.microsoft.playwright.impl.Connection.dispatch(Connection.java:259)\n\tat com.microsoft.playwright.impl.Connection.processOneMessage(Connection.java:211)\n\tat com.microsoft.playwright.impl.ChannelOwner.runUntil(ChannelOwner.java:118)\n\t... 67 more\n","flaky":false,"newFailed":false,"newBroken":false,"newPassed":false,"retriesCount":0,"retriesStatusChange":false,"beforeStages":[{"name":"initContext","time":{"start":1712052413787,"stop":1712052414200,"duration":413},"description":"","status":"passed","steps":[{"name":"Initialize browser and page context for tests","time":{"start":1712052413787,"stop":1712052414200,"duration":413},"status":"passed","steps":[{"name":"Open browser and navigate to Home Page","time":{"start":1712052413881,"stop":1712052414199,"duration":318},"status":"passed","steps":[],"attachments":[],"parameters":[],"shouldDisplayMessage":false,"stepsCount":0,"attachmentsCount":0,"hasContent":false}],"attachments":[],"parameters":[],"shouldDisplayMessage":false,"stepsCount":1,"attachmentsCount":0,"hasContent":true}],"attachments":[],"parameters":[],"shouldDisplayMessage":false,"stepsCount":2,"attachmentsCount":0,"hasContent":true},{"name":"INIT","time":{"start":1712052414201,"stop":1712052414719,"duration":518},"description":"","status":"passed","steps":[],"attachments":[],"parameters":[],"shouldDisplayMessage":false,"stepsCount":0,"attachmentsCount":0,"hasContent":false}],"testStage":{"status":"broken","statusMessage":"Error {\n  message='value: expected string, got undefined\n  name='Error\n  stack='Error: value: expected string, got undefined\n    at tString (/tmp/playwright-java-14534165586366510812/package/lib/protocol/validatorPrimitives.js:58:9)\n    at /tmp/playwright-java-14534165586366510812/package/lib/protocol/validatorPrimitives.js:107:21\n    at DispatcherConnection.dispatch (/tmp/playwright-java-14534165586366510812/package/lib/server/dispatchers/dispatcher.js:285:21)\n    at transport.onmessage (/tmp/playwright-java-14534165586366510812/package/lib/cli/driver.js:52:57)\n    at Immediate._onImmediate (/tmp/playwright-java-14534165586366510812/package/lib/protocol/transport.js:77:34)\n    at process.processImmediate (node:internal/timers:478:21)\n}","statusTrace":"com.microsoft.playwright.PlaywrightException: Error {\n  message='value: expected string, got undefined\n  name='Error\n  stack='Error: value: expected string, got undefined\n    at tString (/tmp/playwright-java-14534165586366510812/package/lib/protocol/validatorPrimitives.js:58:9)\n    at /tmp/playwright-java-14534165586366510812/package/lib/protocol/validatorPrimitives.js:107:21\n    at DispatcherConnection.dispatch (/tmp/playwright-java-14534165586366510812/package/lib/server/dispatchers/dispatcher.js:285:21)\n    at transport.onmessage (/tmp/playwright-java-14534165586366510812/package/lib/cli/driver.js:52:57)\n    at Immediate._onImmediate (/tmp/playwright-java-14534165586366510812/package/lib/protocol/transport.js:77:34)\n    at process.processImmediate (node:internal/timers:478:21)\n}\n\tat com.microsoft.playwright.impl.WaitableResult.get(WaitableResult.java:54)\n\tat com.microsoft.playwright.impl.ChannelOwner.runUntil(ChannelOwner.java:120)\n\tat com.microsoft.playwright.impl.Connection.sendMessage(Connection.java:130)\n\tat com.microsoft.playwright.impl.ChannelOwner.sendMessage(ChannelOwner.java:106)\n\tat com.microsoft.playwright.impl.FrameImpl.fillImpl(FrameImpl.java:335)\n\tat com.microsoft.playwright.impl.FrameImpl.lambda$fill$14(FrameImpl.java:325)\n\tat com.microsoft.playwright.impl.LoggingSupport.lambda$withLogging$0(LoggingSupport.java:36)\n\tat com.microsoft.playwright.impl.LoggingSupport.withLogging(LoggingSupport.java:47)\n\tat com.microsoft.playwright.impl.ChannelOwner.withLogging(ChannelOwner.java:89)\n\tat com.microsoft.playwright.impl.LoggingSupport.withLogging(LoggingSupport.java:35)\n\tat com.microsoft.playwright.impl.FrameImpl.fill(FrameImpl.java:325)\n\tat com.microsoft.playwright.impl.LocatorImpl.fill(LocatorImpl.java:226)\n\tat com.microsoft.playwright.Locator.fill(Locator.java:2947)\n\tat lms_pages.BaseHelper.lambda$fillPassword$4(BaseHelper.java:311)\n\tat io.qameta.allure.Allure.lambda$step$0(Allure.java:113)\n\tat io.qameta.allure.Allure.lambda$step$1(Allure.java:127)\n\tat io.qameta.allure.Allure.step(Allure.java:181)\n\tat io.qameta.allure.Allure.step(Allure.java:125)\n\tat io.qameta.allure.Allure.step(Allure.java:112)\n\tat lms_pages.BaseHelper.fillPassword(BaseHelper.java:310)\n\tat lms_pages.UI.LoginPage.loginMethod(LoginPage.java:62)\n\tat lms_pages.UI.LoginPage.login(LoginPage.java:32)\n\tat lms_tests.Tests_UI.login_tests.LoginTests.LOGIN_TEACHER_NOT_CONFIRMED_WITHOUT_ZOOM_ACCOUNT_WITHOUT_PASSWORD(LoginTests.java:136)\n\tat java.base/jdk.internal.reflect.NativeMethodAccessorImpl.invoke0(Native Method)\n\tat java.base/jdk.internal.reflect.NativeMethodAccessorImpl.invoke(NativeMethodAccessorImpl.java:77)\n\tat java.base/jdk.internal.reflect.DelegatingMethodAccessorImpl.invoke(DelegatingMethodAccessorImpl.java:43)\n\tat java.base/java.lang.reflect.Method.invoke(Method.java:568)\n\tat org.testng.internal.invokers.MethodInvocationHelper.invokeMethod(MethodInvocationHelper.java:139)\n\tat org.testng.internal.invokers.TestInvoker.invokeMethod(TestInvoker.java:664)\n\tat org.testng.internal.invokers.TestInvoker.invokeTestMethod(TestInvoker.java:228)\n\tat org.testng.internal.invokers.MethodRunner.runInSequence(MethodRunner.java:63)\n\tat org.testng.internal.invokers.TestInvoker$MethodInvocationAgent.invoke(TestInvoker.java:961)\n\tat org.testng.internal.invokers.TestInvoker.invokeTestMethods(TestInvoker.java:201)\n\tat org.testng.internal.invokers.TestMethodWorker.invokeTestMethods(TestMethodWorker.java:148)\n\tat org.testng.internal.invokers.TestMethodWorker.run(TestMethodWorker.java:128)\n\tat java.base/java.util.ArrayList.forEach(ArrayList.java:1511)\n\tat org.testng.TestRunner.privateRun(TestRunner.java:819)\n\tat org.testng.TestRunner.run(TestRunner.java:619)\n\tat org.testng.SuiteRunner.runTest(SuiteRunner.java:443)\n\tat org.testng.SuiteRunner.runSequentially(SuiteRunner.java:437)\n\tat org.testng.SuiteRunner.privateRun(SuiteRunner.java:397)\n\tat org.testng.SuiteRunner.run(SuiteRunner.java:336)\n\tat org.testng.SuiteRunnerWorker.runSuite(SuiteRunnerWorker.java:52)\n\tat org.testng.SuiteRunnerWorker.run(SuiteRunnerWorker.java:95)\n\tat org.testng.TestNG.runSuitesSequentially(TestNG.java:1301)\n\tat org.testng.TestNG.runSuitesLocally(TestNG.java:1228)\n\tat org.testng.TestNG.runSuites(TestNG.java:1134)\n\tat org.testng.TestNG.run(TestNG.java:1101)\n\tat org.gradle.api.internal.tasks.testing.testng.TestNGTestClassProcessor.runTests(TestNGTestClassProcessor.java:148)\n\tat org.gradle.api.internal.tasks.testing.testng.TestNGTestClassProcessor.stop(TestNGTestClassProcessor.java:95)\n\tat org.gradle.api.internal.tasks.testing.SuiteTestClassProcessor.stop(SuiteTestClassProcessor.java:62)\n\tat java.base/jdk.internal.reflect.NativeMethodAccessorImpl.invoke0(Native Method)\n\tat java.base/jdk.internal.reflect.NativeMethodAccessorImpl.invoke(NativeMethodAccessorImpl.java:77)\n\tat java.base/jdk.internal.reflect.DelegatingMethodAccessorImpl.invoke(DelegatingMethodAccessorImpl.java:43)\n\tat java.base/java.lang.reflect.Method.invoke(Method.java:568)\n\tat org.gradle.internal.dispatch.ReflectionDispatch.dispatch(ReflectionDispatch.java:36)\n\tat org.gradle.internal.dispatch.ReflectionDispatch.dispatch(ReflectionDispatch.java:24)\n\tat org.gradle.internal.dispatch.ContextClassLoaderDispatch.dispatch(ContextClassLoaderDispatch.java:33)\n\tat org.gradle.internal.dispatch.ProxyDispatchAdapter$DispatchingInvocationHandler.invoke(ProxyDispatchAdapter.java:94)\n\tat jdk.proxy1/jdk.proxy1.$Proxy2.stop(Unknown Source)\n\tat org.gradle.api.internal.tasks.testing.worker.TestWorker$3.run(TestWorker.java:193)\n\tat org.gradle.api.internal.tasks.testing.worker.TestWorker.executeAndMaintainThreadName(TestWorker.java:129)\n\tat org.gradle.api.internal.tasks.testing.worker.TestWorker.execute(TestWorker.java:100)\n\tat org.gradle.api.internal.tasks.testing.worker.TestWorker.execute(TestWorker.java:60)\n\tat org.gradle.process.internal.worker.child.ActionExecutionWorker.execute(ActionExecutionWorker.java:56)\n\tat org.gradle.process.internal.worker.child.SystemApplicationClassLoaderWorker.call(SystemApplicationClassLoaderWorker.java:113)\n\tat org.gradle.process.internal.worker.child.SystemApplicationClassLoaderWorker.call(SystemApplicationClassLoaderWorker.java:65)\n\tat worker.org.gradle.process.internal.worker.GradleWorkerMain.run(GradleWorkerMain.java:69)\n\tat worker.org.gradle.process.internal.worker.GradleWorkerMain.main(GradleWorkerMain.java:74)\nCaused by: com.microsoft.playwright.impl.DriverException: Error {\n  message='value: expected string, got undefined\n  name='Error\n  stack='Error: value: expected string, got undefined\n    at tString (/tmp/playwright-java-14534165586366510812/package/lib/protocol/validatorPrimitives.js:58:9)\n    at /tmp/playwright-java-14534165586366510812/package/lib/protocol/validatorPrimitives.js:107:21\n    at DispatcherConnection.dispatch (/tmp/playwright-java-14534165586366510812/package/lib/server/dispatchers/dispatcher.js:285:21)\n    at transport.onmessage (/tmp/playwright-java-14534165586366510812/package/lib/cli/driver.js:52:57)\n    at Immediate._onImmediate (/tmp/playwright-java-14534165586366510812/package/lib/protocol/transport.js:77:34)\n    at process.processImmediate (node:internal/timers:478:21)\n}\n\tat com.microsoft.playwright.impl.Connection.dispatch(Connection.java:259)\n\tat com.microsoft.playwright.impl.Connection.processOneMessage(Connection.java:211)\n\tat com.microsoft.playwright.impl.ChannelOwner.runUntil(ChannelOwner.java:118)\n\t... 67 more\n","steps":[{"name":"Check if user is logged in","time":{"start":1712052414725,"stop":1712052414750,"duration":25},"status":"passed","steps":[],"attachments":[],"parameters":[],"shouldDisplayMessage":false,"stepsCount":0,"attachmentsCount":0,"hasContent":false},{"name":"Navigate to Home Page","time":{"start":1712052414750,"stop":1712052414771,"duration":21},"status":"passed","steps":[],"attachments":[],"parameters":[],"shouldDisplayMessage":false,"stepsCount":0,"attachmentsCount":0,"hasContent":false},{"name":"Fill in Email address","time":{"start":1712052414817,"stop":1712052415690,"duration":873},"status":"passed","steps":[],"attachments":[],"parameters":[],"shouldDisplayMessage":false,"stepsCount":0,"attachmentsCount":0,"hasContent":false},{"name":"Fill in Password","time":{"start":1712052415690,"stop":1712052415691,"duration":1},"status":"broken","statusMessage":"Error {\n  message='value: expected string, got undefined\n  name='Error\n  stack='Error: value: expected string, got undefined\n    at tString (/tmp/playwright-java-14534165586366510812/package/lib/protocol/validatorPrimitives.js:58:9)\n    at /tmp/playwright-java-14534165586366510812/package/lib/protocol/validatorPrimitives.js:107:21\n    at DispatcherConnection.dispatch (/tmp/playwright-java-14534165586366510812/package/lib/server/dispatchers/dispatcher.js:285:21)\n    at transport.onmessage (/tmp/playwright-java-14534165586366510812/package/lib/cli/driver.js:52:57)\n    at Immediate._onImmediate (/tmp/playwright-java-14534165586366510812/package/lib/protocol/transport.js:77:34)\n    at process.processImmediate (node:internal/timers:478:21)\n}","statusTrace":"com.microsoft.playwright.PlaywrightException: Error {\n  message='value: expected string, got undefined\n  name='Error\n  stack='Error: value: expected string, got undefined\n    at tString (/tmp/playwright-java-14534165586366510812/package/lib/protocol/validatorPrimitives.js:58:9)\n    at /tmp/playwright-java-14534165586366510812/package/lib/protocol/validatorPrimitives.js:107:21\n    at DispatcherConnection.dispatch (/tmp/playwright-java-14534165586366510812/package/lib/server/dispatchers/dispatcher.js:285:21)\n    at transport.onmessage (/tmp/playwright-java-14534165586366510812/package/lib/cli/driver.js:52:57)\n    at Immediate._onImmediate (/tmp/playwright-java-14534165586366510812/package/lib/protocol/transport.js:77:34)\n    at process.processImmediate (node:internal/timers:478:21)\n}\n\tat com.microsoft.playwright.impl.WaitableResult.get(WaitableResult.java:54)\n\tat com.microsoft.playwright.impl.ChannelOwner.runUntil(ChannelOwner.java:120)\n\tat com.microsoft.playwright.impl.Connection.sendMessage(Connection.java:130)\n\tat com.microsoft.playwright.impl.ChannelOwner.sendMessage(ChannelOwner.java:106)\n\tat com.microsoft.playwright.impl.FrameImpl.fillImpl(FrameImpl.java:335)\n\tat com.microsoft.playwright.impl.FrameImpl.lambda$fill$14(FrameImpl.java:325)\n\tat com.microsoft.playwright.impl.LoggingSupport.lambda$withLogging$0(LoggingSupport.java:36)\n\tat com.microsoft.playwright.impl.LoggingSupport.withLogging(LoggingSupport.java:47)\n\tat com.microsoft.playwright.impl.ChannelOwner.withLogging(ChannelOwner.java:89)\n\tat com.microsoft.playwright.impl.LoggingSupport.withLogging(LoggingSupport.java:35)\n\tat com.microsoft.playwright.impl.FrameImpl.fill(FrameImpl.java:325)\n\tat com.microsoft.playwright.impl.LocatorImpl.fill(LocatorImpl.java:226)\n\tat com.microsoft.playwright.Locator.fill(Locator.java:2947)\n\tat lms_pages.BaseHelper.lambda$fillPassword$4(BaseHelper.java:311)\n\tat io.qameta.allure.Allure.lambda$step$0(Allure.java:113)\n\tat io.qameta.allure.Allure.lambda$step$1(Allure.java:127)\n\tat io.qameta.allure.Allure.step(Allure.java:181)\n\tat io.qameta.allure.Allure.step(Allure.java:125)\n\tat io.qameta.allure.Allure.step(Allure.java:112)\n\tat lms_pages.BaseHelper.fillPassword(BaseHelper.java:310)\n\tat lms_pages.UI.LoginPage.loginMethod(LoginPage.java:62)\n\tat lms_pages.UI.LoginPage.login(LoginPage.java:32)\n\tat lms_tests.Tests_UI.login_tests.LoginTests.LOGIN_TEACHER_NOT_CONFIRMED_WITHOUT_ZOOM_ACCOUNT_WITHOUT_PASSWORD(LoginTests.java:136)\n\tat java.base/jdk.internal.reflect.NativeMethodAccessorImpl.invoke0(Native Method)\n\tat java.base/jdk.internal.reflect.NativeMethodAccessorImpl.invoke(NativeMethodAccessorImpl.java:77)\n\tat java.base/jdk.internal.reflect.DelegatingMethodAccessorImpl.invoke(DelegatingMethodAccessorImpl.java:43)\n\tat java.base/java.lang.reflect.Method.invoke(Method.java:568)\n\tat org.testng.internal.invokers.MethodInvocationHelper.invokeMethod(MethodInvocationHelper.java:139)\n\tat org.testng.internal.invokers.TestInvoker.invokeMethod(TestInvoker.java:664)\n\tat org.testng.internal.invokers.TestInvoker.invokeTestMethod(TestInvoker.java:228)\n\tat org.testng.internal.invokers.MethodRunner.runInSequence(MethodRunner.java:63)\n\tat org.testng.internal.invokers.TestInvoker$MethodInvocationAgent.invoke(TestInvoker.java:961)\n\tat org.testng.internal.invokers.TestInvoker.invokeTestMethods(TestInvoker.java:201)\n\tat org.testng.internal.invokers.TestMethodWorker.invokeTestMethods(TestMethodWorker.java:148)\n\tat org.testng.internal.invokers.TestMethodWorker.run(TestMethodWorker.java:128)\n\tat java.base/java.util.ArrayList.forEach(ArrayList.java:1511)\n\tat org.testng.TestRunner.privateRun(TestRunner.java:819)\n\tat org.testng.TestRunner.run(TestRunner.java:619)\n\tat org.testng.SuiteRunner.runTest(SuiteRunner.java:443)\n\tat org.testng.SuiteRunner.runSequentially(SuiteRunner.java:437)\n\tat org.testng.SuiteRunner.privateRun(SuiteRunner.java:397)\n\tat org.testng.SuiteRunner.run(SuiteRunner.java:336)\n\tat org.testng.SuiteRunnerWorker.runSuite(SuiteRunnerWorker.java:52)\n\tat org.testng.SuiteRunnerWorker.run(SuiteRunnerWorker.java:95)\n\tat org.testng.TestNG.runSuitesSequentially(TestNG.java:1301)\n\tat org.testng.TestNG.runSuitesLocally(TestNG.java:1228)\n\tat org.testng.TestNG.runSuites(TestNG.java:1134)\n\tat org.testng.TestNG.run(TestNG.java:1101)\n\tat org.gradle.api.internal.tasks.testing.testng.TestNGTestClassProcessor.runTests(TestNGTestClassProcessor.java:148)\n\tat org.gradle.api.internal.tasks.testing.testng.TestNGTestClassProcessor.stop(TestNGTestClassProcessor.java:95)\n\tat org.gradle.api.internal.tasks.testing.SuiteTestClassProcessor.stop(SuiteTestClassProcessor.java:62)\n\tat java.base/jdk.internal.reflect.NativeMethodAccessorImpl.invoke0(Native Method)\n\tat java.base/jdk.internal.reflect.NativeMethodAccessorImpl.invoke(NativeMethodAccessorImpl.java:77)\n\tat java.base/jdk.internal.reflect.DelegatingMethodAccessorImpl.invoke(DelegatingMethodAccessorImpl.java:43)\n\tat java.base/java.lang.reflect.Method.invoke(Method.java:568)\n\tat org.gradle.internal.dispatch.ReflectionDispatch.dispatch(ReflectionDispatch.java:36)\n\tat org.gradle.internal.dispatch.ReflectionDispatch.dispatch(ReflectionDispatch.java:24)\n\tat org.gradle.internal.dispatch.ContextClassLoaderDispatch.dispatch(ContextClassLoaderDispatch.java:33)\n\tat org.gradle.internal.dispatch.ProxyDispatchAdapter$DispatchingInvocationHandler.invoke(ProxyDispatchAdapter.java:94)\n\tat jdk.proxy1/jdk.proxy1.$Proxy2.stop(Unknown Source)\n\tat org.gradle.api.internal.tasks.testing.worker.TestWorker$3.run(TestWorker.java:193)\n\tat org.gradle.api.internal.tasks.testing.worker.TestWorker.executeAndMaintainThreadName(TestWorker.java:129)\n\tat org.gradle.api.internal.tasks.testing.worker.TestWorker.execute(TestWorker.java:100)\n\tat org.gradle.api.internal.tasks.testing.worker.TestWorker.execute(TestWorker.java:60)\n\tat org.gradle.process.internal.worker.child.ActionExecutionWorker.execute(ActionExecutionWorker.java:56)\n\tat org.gradle.process.internal.worker.child.SystemApplicationClassLoaderWorker.call(SystemApplicationClassLoaderWorker.java:113)\n\tat org.gradle.process.internal.worker.child.SystemApplicationClassLoaderWorker.call(SystemApplicationClassLoaderWorker.java:65)\n\tat worker.org.gradle.process.internal.worker.GradleWorkerMain.run(GradleWorkerMain.java:69)\n\tat worker.org.gradle.process.internal.worker.GradleWorkerMain.main(GradleWorkerMain.java:74)\nCaused by: com.microsoft.playwright.impl.DriverException: Error {\n  message='value: expected string, got undefined\n  name='Error\n  stack='Error: value: expected string, got undefined\n    at tString (/tmp/playwright-java-14534165586366510812/package/lib/protocol/validatorPrimitives.js:58:9)\n    at /tmp/playwright-java-14534165586366510812/package/lib/protocol/validatorPrimitives.js:107:21\n    at DispatcherConnection.dispatch (/tmp/playwright-java-14534165586366510812/package/lib/server/dispatchers/dispatcher.js:285:21)\n    at transport.onmessage (/tmp/playwright-java-14534165586366510812/package/lib/cli/driver.js:52:57)\n    at Immediate._onImmediate (/tmp/playwright-java-14534165586366510812/package/lib/protocol/transport.js:77:34)\n    at process.processImmediate (node:internal/timers:478:21)\n}\n\tat com.microsoft.playwright.impl.Connection.dispatch(Connection.java:259)\n\tat com.microsoft.playwright.impl.Connection.processOneMessage(Connection.java:211)\n\tat com.microsoft.playwright.impl.ChannelOwner.runUntil(ChannelOwner.java:118)\n\t... 67 more\n","steps":[],"attachments":[],"parameters":[],"shouldDisplayMessage":true,"stepsCount":0,"attachmentsCount":0,"hasContent":true}],"attachments":[],"parameters":[],"shouldDisplayMessage":false,"stepsCount":4,"attachmentsCount":0,"hasContent":true},"afterStages":[{"name":"afterMethod","time":{"start":1712052415706,"stop":1712052416286,"duration":580},"description":"","status":"passed","steps":[],"attachments":[{"uid":"c3ebc8ff37b137de","name":"Trace.zip","source":"c3ebc8ff37b137de.zip","type":"application/zip","size":590723},{"uid":"8a820ff25ceacaa6","name":"Screenshot.png","source":"8a820ff25ceacaa6.png","type":"image/png","size":36967},{"uid":"63798eb043fed16f","name":"Page Source.html","source":"63798eb043fed16f.html","type":"text/html","size":15729},{"uid":"258951e85020d38d","name":"Screen capture.webm","source":"258951e85020d38d","type":"application/x-matroska","size":147595},{"uid":"81ff3d4885cbe63f","name":"Har.har","source":"81ff3d4885cbe63f.html","type":"text/html","size":2808122}],"parameters":[],"shouldDisplayMessage":false,"stepsCount":0,"attachmentsCount":5,"hasContent":true}],"labels":[{"name":"package","value":"lms_tests.Tests_UI.login_tests.LoginTests"},{"name":"testClass","value":"lms_tests.Tests_UI.login_tests.LoginTests"},{"name":"testMethod","value":"LOGIN_TEACHER_NOT_CONFIRMED_WITHOUT_ZOOM_ACCOUNT_WITHOUT_PASSWORD"},{"name":"parentSuite","value":"Gradle suite"},{"name":"suite","value":"Gradle test"},{"name":"subSuite","value":"lms_tests.Tests_UI.login_tests.LoginTests"},{"name":"host","value":"fv-az881-501"},{"name":"thread","value":"5439@fv-az881-501.Test worker(1)"},{"name":"framework","value":"testng"},{"name":"language","value":"java"},{"name":"feature","value":"Login tests"},{"name":"story","value":"Test Case #12"},{"name":"resultFormat","value":"allure2"}],"parameters":[],"links":[],"hidden":false,"retry":false,"extra":{"severity":"normal","retries":[],"categories":[{"name":"Test defects","matchedStatuses":[],"flaky":false}],"tags":[]},"source":"c13868b279c89913.json","parameterValues":[]}