998  [Test worker] WARN  org.testng.internal.Configuration -- Detected a static method [lms_tests.BaseTest.setUp()]. Static configuration methods can cause unexpected behavior.
1024 [Test worker] WARN  org.testng.internal.Configuration -- Detected a static method [lms_tests.BaseTest.setUp()]. Static configuration methods can cause unexpected behavior.
1050 [Test worker] WARN  org.testng.internal.Configuration -- Detected a static method [lms_tests.BaseTest.setUp()]. Static configuration methods can cause unexpected behavior.
1065 [Test worker] WARN  org.testng.internal.Configuration -- Detected a static method [lms_tests.BaseTest.setUp()]. Static configuration methods can cause unexpected behavior.
9018 [Test worker] INFO  lms_tests.BaseTest -- [===================================[ fillManyTextBoxes ]===================================]
9019 [Test worker] INFO  lms_tests.BaseTest -- TEST START;
29293 [Test worker] INFO  lms_tests.BaseTest -- TEST PASSED, Time taken: [20274] milliseconds;
29801 [Test worker] INFO  lms_tests.BaseTest -- [===================================[ textBoxFillTest ]===================================]
29801 [Test worker] INFO  lms_tests.BaseTest -- TEST START;
33367 [Test worker] INFO  lms_tests.BaseTest -- TEST PASSED, Time taken: [3566] milliseconds;
33766 [Test worker] INFO  lms_tests.BaseTest -- [===================================[ LOGIN_ADMIN_CONFIRMED_WITHOUT_ZOOM_ACCOUNT ]===================================]
33767 [Test worker] INFO  lms_tests.BaseTest -- TEST START;
36389 [Test worker] ERROR lms_pages.UI.LoginPage -- [isUserLoggedIn]: User is logged in.
36711 [Test worker] INFO  lms_tests.BaseTest -- TEST PASSED, Time taken: [2944] milliseconds;
37112 [Test worker] INFO  lms_tests.BaseTest -- [===================================[ LOGIN_ADMIN_CONFIRMED_WITHOUT_ZOOM_ACCOUNT_WITHOUT_PASSWORD ]===================================]
37113 [Test worker] INFO  lms_tests.BaseTest -- TEST START;
38625 [Test worker] ERROR lms_pages.UI.LoginPage -- [loginMethod]: Password is empty.
38670 [Test worker] ERROR lms_pages.UI.LoginPage -- [loginMethod]: Sign In button not found or not enabled.
39677 [Test worker] ERROR lms_pages.UI.LoginPage -- [isUserLoggedIn]: User is not logged in.
39951 [Test worker] INFO  lms_tests.BaseTest -- TEST PASSED, Time taken: [2838] milliseconds;
40697 [Test worker] INFO  lms_tests.BaseTest -- [===================================[ LOGIN_ADMIN_CONFIRMED_WITH_INVALID_ZOOM_ACCOUNT ]===================================]
40697 [Test worker] INFO  lms_tests.BaseTest -- TEST START;
43330 [Test worker] ERROR lms_pages.UI.LoginPage -- [isUserLoggedIn]: User is logged in.
43718 [Test worker] INFO  lms_tests.BaseTest -- TEST PASSED, Time taken: [3021] milliseconds;
44133 [Test worker] INFO  lms_tests.BaseTest -- [===================================[ LOGIN_ADMIN_NOT_CONFIRMED_WITH_INVALID_ZOOM_ACCOUNT ]===================================]
44133 [Test worker] INFO  lms_tests.BaseTest -- TEST START;
45980 [Test worker] ERROR lms_pages.UI.LoginPage -- [loginMethod]: USER [a02@dev-lms.de] and PASSWORD [lms-dev-pass-2024] is not logged in because login or password is invalid, user not exist or not confirmed yet.
45992 [Test worker] ERROR lms_pages.UI.LoginPage -- [isUserLoggedIn]: User is not logged in.
46297 [Test worker] INFO  lms_tests.BaseTest -- TEST PASSED, Time taken: [2164] milliseconds;
46709 [Test worker] INFO  lms_tests.BaseTest -- [===================================[ LOGIN_NON_EXISTENT_ACCOUNT ]===================================]
46709 [Test worker] INFO  lms_tests.BaseTest -- TEST START;
48021 [Test worker] ERROR lms_pages.UI.LoginPage -- [loginMethod]: USER [sss@dev-lms.de] and PASSWORD [ssSSSs@2012] is not logged in because login or password is invalid, user not exist or not confirmed yet.
48026 [Test worker] ERROR lms_pages.UI.LoginPage -- [isUserLoggedIn]: User is not logged in.
48232 [Test worker] INFO  lms_tests.BaseTest -- TEST PASSED, Time taken: [1523] milliseconds;
48662 [Test worker] INFO  lms_tests.BaseTest -- [===================================[ LOGIN_STUDENT_CONFIRMED_PRIMARY_COHORT_1 ]===================================]
48662 [Test worker] INFO  lms_tests.BaseTest -- TEST START;
50701 [Test worker] ERROR lms_pages.UI.LoginPage -- [isUserLoggedIn]: User is logged in.
50996 [Test worker] INFO  lms_tests.BaseTest -- TEST PASSED, Time taken: [2334] milliseconds;
51418 [Test worker] INFO  lms_tests.BaseTest -- [===================================[ LOGIN_STUDENT_CONFIRMED_PRIMARY_COHORT_NONE ]===================================]
51418 [Test worker] INFO  lms_tests.BaseTest -- TEST START;
53456 [Test worker] ERROR lms_pages.UI.LoginPage -- [loginMethod]: Login status is not as expected. Expected login status: [false]. Error is present on Login Page?: [false]. User [s11@dev-lms.de]. Password [lms-dev-pass-2024]
53599 [Test worker] INFO  lms_pages.UI.LoginPage -- FILE TRACE: /home/runner/work/ALLCOM_QA_PLAYWRIGHT/ALLCOM_QA_PLAYWRIGHT/src/test_logs/LOGIN_STUDENT_CONFIRMED_PRIMARY_COHORT_NONE_14-09-02/Trace.zip
53864 [Test worker] INFO  lms_pages.UI.LoginPage -- FILE SCREENSHOT: /home/runner/work/ALLCOM_QA_PLAYWRIGHT/ALLCOM_QA_PLAYWRIGHT/src/test_logs/LOGIN_STUDENT_CONFIRMED_PRIMARY_COHORT_NONE_14-09-02/Screenshot.png
53873 [Test worker] INFO  lms_pages.UI.LoginPage -- FILE PAGE : /home/runner/work/ALLCOM_QA_PLAYWRIGHT/ALLCOM_QA_PLAYWRIGHT/src/test_logs/LOGIN_STUDENT_CONFIRMED_PRIMARY_COHORT_NONE_14-09-02/Page Source.html
54249 [Test worker] INFO  lms_pages.UI.LoginPage -- FILE VIDEO: /home/runner/work/ALLCOM_QA_PLAYWRIGHT/ALLCOM_QA_PLAYWRIGHT/src/test_logs/LOGIN_STUDENT_CONFIRMED_PRIMARY_COHORT_NONE_14-09-02/Video.webm
54255 [Test worker] INFO  lms_pages.UI.LoginPage -- FILE HAR  : /home/runner/work/ALLCOM_QA_PLAYWRIGHT/ALLCOM_QA_PLAYWRIGHT/src/test_logs/LOGIN_STUDENT_CONFIRMED_PRIMARY_COHORT_NONE_14-09-02/Har.har
54255 [Test worker] ERROR lms_tests.BaseTest -- TEST FAILED, Time taken: [2837] milliseconds;
54698 [Test worker] INFO  lms_tests.BaseTest -- [===================================[ LOGIN_STUDENT_CONFIRMED_WITHOUT_PASS_PRIMARY_COHORT_4 ]===================================]
54698 [Test worker] INFO  lms_tests.BaseTest -- TEST START;
55721 [Test worker] ERROR lms_pages.UI.LoginPage -- [loginMethod]: Password is empty.
55775 [Test worker] ERROR lms_pages.UI.LoginPage -- [loginMethod]: Sign In button not found or not enabled.
56783 [Test worker] ERROR lms_pages.UI.LoginPage -- [isUserLoggedIn]: User is not logged in.
57091 [Test worker] INFO  lms_tests.BaseTest -- TEST PASSED, Time taken: [2393] milliseconds;
57558 [Test worker] INFO  lms_tests.BaseTest -- [===================================[ LOGIN_STUDENT_CONFIRMED_WITHOUT_PASS_PRIMARY_COHORT_NONE ]===================================]
57559 [Test worker] INFO  lms_tests.BaseTest -- TEST START;
58551 [Test worker] ERROR lms_pages.UI.LoginPage -- [loginMethod]: Password is empty.
58583 [Test worker] ERROR lms_pages.UI.LoginPage -- [loginMethod]: Sign In button not found or not enabled.
59591 [Test worker] ERROR lms_pages.UI.LoginPage -- [isUserLoggedIn]: User is not logged in.
59893 [Test worker] INFO  lms_tests.BaseTest -- TEST PASSED, Time taken: [2335] milliseconds;
60281 [Test worker] INFO  lms_tests.BaseTest -- [===================================[ LOGIN_STUDENT_CONFIRMED_WITH_NAME_PASSWORD_BY_USERNAME_PASSWORD ]===================================]
60281 [Test worker] INFO  lms_tests.BaseTest -- TEST START;
62289 [Test worker] ERROR lms_pages.UI.LoginPage -- [isUserLoggedIn]: User is logged in.
62409 [Test worker] INFO  lms_pages.UI.LoginPage -- FILE TRACE: /home/runner/work/ALLCOM_QA_PLAYWRIGHT/ALLCOM_QA_PLAYWRIGHT/src/test_logs/LOGIN_STUDENT_CONFIRMED_WITH_NAME_PASSWORD_BY_USERNAME_PASSWORD_14-09-11/Trace.zip
62635 [Test worker] INFO  lms_pages.UI.LoginPage -- FILE SCREENSHOT: /home/runner/work/ALLCOM_QA_PLAYWRIGHT/ALLCOM_QA_PLAYWRIGHT/src/test_logs/LOGIN_STUDENT_CONFIRMED_WITH_NAME_PASSWORD_BY_USERNAME_PASSWORD_14-09-11/Screenshot.png
62644 [Test worker] INFO  lms_pages.UI.LoginPage -- FILE PAGE : /home/runner/work/ALLCOM_QA_PLAYWRIGHT/ALLCOM_QA_PLAYWRIGHT/src/test_logs/LOGIN_STUDENT_CONFIRMED_WITH_NAME_PASSWORD_BY_USERNAME_PASSWORD_14-09-11/Page Source.html
62995 [Test worker] INFO  lms_pages.UI.LoginPage -- FILE VIDEO: /home/runner/work/ALLCOM_QA_PLAYWRIGHT/ALLCOM_QA_PLAYWRIGHT/src/test_logs/LOGIN_STUDENT_CONFIRMED_WITH_NAME_PASSWORD_BY_USERNAME_PASSWORD_14-09-11/Video.webm
63000 [Test worker] INFO  lms_pages.UI.LoginPage -- FILE HAR  : /home/runner/work/ALLCOM_QA_PLAYWRIGHT/ALLCOM_QA_PLAYWRIGHT/src/test_logs/LOGIN_STUDENT_CONFIRMED_WITH_NAME_PASSWORD_BY_USERNAME_PASSWORD_14-09-11/Har.har
63000 [Test worker] ERROR lms_tests.BaseTest -- TEST FAILED, Time taken: [2719] milliseconds;
63409 [Test worker] INFO  lms_tests.BaseTest -- [===================================[ LOGIN_STUDENT_NOT_CONFIRMED_PRIMARY_COHORT_5 ]===================================]
63409 [Test worker] INFO  lms_tests.BaseTest -- TEST START;
64681 [Test worker] ERROR lms_pages.UI.LoginPage -- [loginMethod]: USER [s05@dev-lms.de] and PASSWORD [lms-dev-pass-2024] is not logged in because login or password is invalid, user not exist or not confirmed yet.
64693 [Test worker] ERROR lms_pages.UI.LoginPage -- [isUserLoggedIn]: User is not logged in.
64864 [Test worker] INFO  lms_tests.BaseTest -- TEST PASSED, Time taken: [1455] milliseconds;
65280 [Test worker] INFO  lms_tests.BaseTest -- [===================================[ LOGIN_STUDENT_NOT_CONFIRMED_PRIMARY_COHORT_NONE ]===================================]
65280 [Test worker] INFO  lms_tests.BaseTest -- TEST START;
66532 [Test worker] ERROR lms_pages.UI.LoginPage -- [loginMethod]: USER [s09@dev-lms.de] and PASSWORD [lms-dev-pass-2024] is not logged in because login or password is invalid, user not exist or not confirmed yet.
66539 [Test worker] ERROR lms_pages.UI.LoginPage -- [isUserLoggedIn]: User is not logged in.
66734 [Test worker] INFO  lms_tests.BaseTest -- TEST PASSED, Time taken: [1453] milliseconds;
67190 [Test worker] INFO  lms_tests.BaseTest -- [===================================[ LOGIN_STUDENT_NOT_CONFIRMED_WITHOUT_EMAIL ]===================================]
67190 [Test worker] INFO  lms_tests.BaseTest -- TEST START;
68613 [Test worker] ERROR lms_pages.UI.LoginPage -- [loginMethod]: Email address is empty.
68767 [Test worker] ERROR lms_pages.UI.LoginPage -- [loginMethod]: Sign In button not found or not enabled.
69774 [Test worker] ERROR lms_pages.UI.LoginPage -- [isUserLoggedIn]: User is not logged in.
70087 [Test worker] INFO  lms_tests.BaseTest -- TEST PASSED, Time taken: [2897] milliseconds;
70509 [Test worker] INFO  lms_tests.BaseTest -- [===================================[ LOGIN_STUDENT_NOT_CONFIRMED_WITHOUT_PASS ]===================================]
70510 [Test worker] INFO  lms_tests.BaseTest -- TEST START;
71466 [Test worker] ERROR lms_pages.UI.LoginPage -- [loginMethod]: Password is empty.
71511 [Test worker] ERROR lms_pages.UI.LoginPage -- [loginMethod]: Sign In button not found or not enabled.
72523 [Test worker] ERROR lms_pages.UI.LoginPage -- [isUserLoggedIn]: User is not logged in.
72843 [Test worker] INFO  lms_tests.BaseTest -- TEST PASSED, Time taken: [2333] milliseconds;
73262 [Test worker] INFO  lms_tests.BaseTest -- [===================================[ LOGIN_TEACHER_CONFIRMED_WITHOUT_ZOOM_ACCOUNT ]===================================]
73262 [Test worker] INFO  lms_tests.BaseTest -- TEST START;
75356 [Test worker] ERROR lms_pages.UI.LoginPage -- [isUserLoggedIn]: User is logged in.
75731 [Test worker] INFO  lms_tests.BaseTest -- TEST PASSED, Time taken: [2469] milliseconds;
76198 [Test worker] INFO  lms_tests.BaseTest -- [===================================[ LOGIN_TEACHER_CONFIRMED_WITH_INVALID_ZOOM_ACCOUNT ]===================================]
76198 [Test worker] INFO  lms_tests.BaseTest -- TEST START;
78817 [Test worker] ERROR lms_pages.UI.LoginPage -- [isUserLoggedIn]: User is logged in.
79109 [Test worker] INFO  lms_tests.BaseTest -- TEST PASSED, Time taken: [2910] milliseconds;
79501 [Test worker] INFO  lms_tests.BaseTest -- [===================================[ LOGIN_TEACHER_CONFIRMED_WITH_VALID_ZOOM_ACCOUNT ]===================================]
79501 [Test worker] INFO  lms_tests.BaseTest -- TEST START;
81548 [Test worker] ERROR lms_pages.UI.LoginPage -- [isUserLoggedIn]: User is logged in.
81841 [Test worker] INFO  lms_tests.BaseTest -- TEST PASSED, Time taken: [2340] milliseconds;
82228 [Test worker] INFO  lms_tests.BaseTest -- [===================================[ LOGIN_TEACHER_NOT_CONFIRMED_WITHOUT_ZOOM_ACCOUNT ]===================================]
82228 [Test worker] INFO  lms_tests.BaseTest -- TEST START;
83469 [Test worker] ERROR lms_pages.UI.LoginPage -- [loginMethod]: USER [t06@dev-lms.de] and PASSWORD [lms-dev-pass-2024] is not logged in because login or password is invalid, user not exist or not confirmed yet.
83480 [Test worker] ERROR lms_pages.UI.LoginPage -- [isUserLoggedIn]: User is not logged in.
83652 [Test worker] INFO  lms_tests.BaseTest -- TEST PASSED, Time taken: [1424] milliseconds;
84084 [Test worker] INFO  lms_tests.BaseTest -- [===================================[ LOGIN_TEACHER_NOT_CONFIRMED_WITHOUT_ZOOM_ACCOUNT_WITHOUT_PASSWORD ]===================================]
84085 [Test worker] INFO  lms_tests.BaseTest -- TEST START;
85120 [Test worker] ERROR lms_pages.UI.LoginPage -- [loginMethod]: Password is empty.
85177 [Test worker] ERROR lms_pages.UI.LoginPage -- [loginMethod]: Sign In button not found or not enabled.
86185 [Test worker] ERROR lms_pages.UI.LoginPage -- [isUserLoggedIn]: User is not logged in.
86486 [Test worker] INFO  lms_tests.BaseTest -- TEST PASSED, Time taken: [2401] milliseconds;
86891 [Test worker] INFO  lms_tests.BaseTest -- [===================================[ LOGIN_TEACHER_NOT_CONFIRMED_WITH_INVALID_ZOOM_ACCOUNT ]===================================]
86891 [Test worker] INFO  lms_tests.BaseTest -- TEST START;
88202 [Test worker] ERROR lms_pages.UI.LoginPage -- [loginMethod]: USER [t02@dev-lms.de] and PASSWORD [lms-dev-pass-2024] is not logged in because login or password is invalid, user not exist or not confirmed yet.
88213 [Test worker] ERROR lms_pages.UI.LoginPage -- [isUserLoggedIn]: User is not logged in.
88386 [Test worker] INFO  lms_tests.BaseTest -- TEST PASSED, Time taken: [1494] milliseconds;
