1700 [Test worker] WARN  org.testng.internal.Configuration -- Detected a static method [lms_tests.BaseTest.setUp()]. Static configuration methods can cause unexpected behavior.
1745 [Test worker] WARN  org.testng.internal.Configuration -- Detected a static method [lms_tests.BaseTest.setUp()]. Static configuration methods can cause unexpected behavior.
1767 [Test worker] WARN  org.testng.internal.Configuration -- Detected a static method [lms_tests.BaseTest.setUp()]. Static configuration methods can cause unexpected behavior.
1783 [Test worker] WARN  org.testng.internal.Configuration -- Detected a static method [lms_tests.BaseTest.setUp()]. Static configuration methods can cause unexpected behavior.
12381 [Test worker] INFO  lms_tests.BaseTest -- [===================================[ fillManyTextBoxes ]===================================]
12381 [Test worker] INFO  lms_tests.BaseTest -- TEST START;
32759 [Test worker] INFO  lms_tests.BaseTest -- TEST PASSED, Time taken: [20378] milliseconds;
33129 [Test worker] INFO  lms_tests.BaseTest -- [===================================[ textBoxFillTest ]===================================]
33130 [Test worker] INFO  lms_tests.BaseTest -- TEST START;
36895 [Test worker] INFO  lms_tests.BaseTest -- TEST PASSED, Time taken: [3765] milliseconds;
37301 [Test worker] INFO  lms_tests.BaseTest -- [===================================[ LOGIN_ADMIN_CONFIRMED_WITHOUT_ZOOM_ACCOUNT ]===================================]
37301 [Test worker] INFO  lms_tests.BaseTest -- TEST START;
40275 [Test worker] ERROR lms_pages.UI.LoginPage -- [isUserLoggedIn]: User is logged in.
40489 [Test worker] INFO  lms_tests.BaseTest -- TEST PASSED, Time taken: [3187] milliseconds;
40886 [Test worker] INFO  lms_tests.BaseTest -- [===================================[ LOGIN_ADMIN_CONFIRMED_WITHOUT_ZOOM_ACCOUNT_WITHOUT_PASSWORD ]===================================]
40886 [Test worker] INFO  lms_tests.BaseTest -- TEST START;
42373 [Test worker] ERROR lms_pages.UI.LoginPage -- [loginMethod]: Password is empty.
42405 [Test worker] ERROR lms_pages.UI.LoginPage -- [loginMethod]: Sign In button not found or not enabled.
43421 [Test worker] ERROR lms_pages.UI.LoginPage -- [isUserLoggedIn]: User is not logged in.
43750 [Test worker] INFO  lms_tests.BaseTest -- TEST PASSED, Time taken: [2864] milliseconds;
44162 [Test worker] INFO  lms_tests.BaseTest -- [===================================[ LOGIN_ADMIN_CONFIRMED_WITH_INVALID_ZOOM_ACCOUNT ]===================================]
44162 [Test worker] INFO  lms_tests.BaseTest -- TEST START;
46813 [Test worker] ERROR lms_pages.UI.LoginPage -- [isUserLoggedIn]: User is logged in.
47127 [Test worker] INFO  lms_tests.BaseTest -- TEST PASSED, Time taken: [2964] milliseconds;
47530 [Test worker] INFO  lms_tests.BaseTest -- [===================================[ LOGIN_ADMIN_NOT_CONFIRMED_WITH_INVALID_ZOOM_ACCOUNT ]===================================]
47531 [Test worker] INFO  lms_tests.BaseTest -- TEST START;
49350 [Test worker] ERROR lms_pages.UI.LoginPage -- [loginMethod]: USER [a02@dev-lms.de] and PASSWORD [lms-dev-pass-2024] is not logged in because login or password is invalid, user not exist or not confirmed yet.
49356 [Test worker] ERROR lms_pages.UI.LoginPage -- [isUserLoggedIn]: User is not logged in.
49619 [Test worker] INFO  lms_tests.BaseTest -- TEST PASSED, Time taken: [2088] milliseconds;
50071 [Test worker] INFO  lms_tests.BaseTest -- [===================================[ LOGIN_NON_EXISTENT_ACCOUNT ]===================================]
50071 [Test worker] INFO  lms_tests.BaseTest -- TEST START;
51942 [Test worker] ERROR lms_pages.UI.LoginPage -- [loginMethod]: USER [sss@dev-lms.de] and PASSWORD [ssSSSs@2012] is not logged in because login or password is invalid, user not exist or not confirmed yet.
51951 [Test worker] ERROR lms_pages.UI.LoginPage -- [isUserLoggedIn]: User is not logged in.
52294 [Test worker] INFO  lms_tests.BaseTest -- TEST PASSED, Time taken: [2223] milliseconds;
52704 [Test worker] INFO  lms_tests.BaseTest -- [===================================[ LOGIN_STUDENT_CONFIRMED_PRIMARY_COHORT_1 ]===================================]
52705 [Test worker] INFO  lms_tests.BaseTest -- TEST START;
54812 [Test worker] ERROR lms_pages.UI.LoginPage -- [isUserLoggedIn]: User is logged in.
55113 [Test worker] INFO  lms_tests.BaseTest -- TEST PASSED, Time taken: [2409] milliseconds;
55513 [Test worker] INFO  lms_tests.BaseTest -- [===================================[ LOGIN_STUDENT_CONFIRMED_PRIMARY_COHORT_NONE ]===================================]
55514 [Test worker] INFO  lms_tests.BaseTest -- TEST START;
57593 [Test worker] ERROR lms_pages.UI.LoginPage -- [loginMethod]: Login status is not as expected. Expected login status: [false]. Error is present on Login Page?: [false]. User [s11@dev-lms.de]. Password [lms-dev-pass-2024]
57738 [Test worker] INFO  lms_pages.UI.LoginPage -- FILE TRACE: /home/runner/work/ALLCOM_QA_PLAYWRIGHT/ALLCOM_QA_PLAYWRIGHT/src/test_logs/LOGIN_STUDENT_CONFIRMED_PRIMARY_COHORT_NONE_14-22-53/Trace.zip
57996 [Test worker] INFO  lms_pages.UI.LoginPage -- FILE SCREENSHOT: /home/runner/work/ALLCOM_QA_PLAYWRIGHT/ALLCOM_QA_PLAYWRIGHT/src/test_logs/LOGIN_STUDENT_CONFIRMED_PRIMARY_COHORT_NONE_14-22-53/Screenshot.png
58008 [Test worker] INFO  lms_pages.UI.LoginPage -- FILE PAGE : /home/runner/work/ALLCOM_QA_PLAYWRIGHT/ALLCOM_QA_PLAYWRIGHT/src/test_logs/LOGIN_STUDENT_CONFIRMED_PRIMARY_COHORT_NONE_14-22-53/Page Source.html
58332 [Test worker] INFO  lms_pages.UI.LoginPage -- FILE VIDEO: /home/runner/work/ALLCOM_QA_PLAYWRIGHT/ALLCOM_QA_PLAYWRIGHT/src/test_logs/LOGIN_STUDENT_CONFIRMED_PRIMARY_COHORT_NONE_14-22-53/Video.webm
58337 [Test worker] INFO  lms_pages.UI.LoginPage -- FILE HAR  : /home/runner/work/ALLCOM_QA_PLAYWRIGHT/ALLCOM_QA_PLAYWRIGHT/src/test_logs/LOGIN_STUDENT_CONFIRMED_PRIMARY_COHORT_NONE_14-22-53/Har.har
58338 [Test worker] ERROR lms_tests.BaseTest -- TEST FAILED, Time taken: [2824] milliseconds;
58798 [Test worker] INFO  lms_tests.BaseTest -- [===================================[ LOGIN_STUDENT_CONFIRMED_WITHOUT_PASS_PRIMARY_COHORT_4 ]===================================]
58798 [Test worker] INFO  lms_tests.BaseTest -- TEST START;
59769 [Test worker] ERROR lms_pages.UI.LoginPage -- [loginMethod]: Password is empty.
59805 [Test worker] ERROR lms_pages.UI.LoginPage -- [loginMethod]: Sign In button not found or not enabled.
60811 [Test worker] ERROR lms_pages.UI.LoginPage -- [isUserLoggedIn]: User is not logged in.
61110 [Test worker] INFO  lms_tests.BaseTest -- TEST PASSED, Time taken: [2312] milliseconds;
61508 [Test worker] INFO  lms_tests.BaseTest -- [===================================[ LOGIN_STUDENT_CONFIRMED_WITHOUT_PASS_PRIMARY_COHORT_NONE ]===================================]
61508 [Test worker] INFO  lms_tests.BaseTest -- TEST START;
62548 [Test worker] ERROR lms_pages.UI.LoginPage -- [loginMethod]: Password is empty.
62590 [Test worker] ERROR lms_pages.UI.LoginPage -- [loginMethod]: Sign In button not found or not enabled.
63599 [Test worker] ERROR lms_pages.UI.LoginPage -- [isUserLoggedIn]: User is not logged in.
63906 [Test worker] INFO  lms_tests.BaseTest -- TEST PASSED, Time taken: [2397] milliseconds;
64283 [Test worker] INFO  lms_tests.BaseTest -- [===================================[ LOGIN_STUDENT_CONFIRMED_WITH_NAME_PASSWORD_BY_USERNAME_PASSWORD ]===================================]
64284 [Test worker] INFO  lms_tests.BaseTest -- TEST START;
66316 [Test worker] ERROR lms_pages.UI.LoginPage -- [isUserLoggedIn]: User is logged in.
66440 [Test worker] INFO  lms_pages.UI.LoginPage -- FILE TRACE: /home/runner/work/ALLCOM_QA_PLAYWRIGHT/ALLCOM_QA_PLAYWRIGHT/src/test_logs/LOGIN_STUDENT_CONFIRMED_WITH_NAME_PASSWORD_BY_USERNAME_PASSWORD_14-23-01/Trace.zip
66668 [Test worker] INFO  lms_pages.UI.LoginPage -- FILE SCREENSHOT: /home/runner/work/ALLCOM_QA_PLAYWRIGHT/ALLCOM_QA_PLAYWRIGHT/src/test_logs/LOGIN_STUDENT_CONFIRMED_WITH_NAME_PASSWORD_BY_USERNAME_PASSWORD_14-23-01/Screenshot.png
66677 [Test worker] INFO  lms_pages.UI.LoginPage -- FILE PAGE : /home/runner/work/ALLCOM_QA_PLAYWRIGHT/ALLCOM_QA_PLAYWRIGHT/src/test_logs/LOGIN_STUDENT_CONFIRMED_WITH_NAME_PASSWORD_BY_USERNAME_PASSWORD_14-23-01/Page Source.html
67013 [Test worker] INFO  lms_pages.UI.LoginPage -- FILE VIDEO: /home/runner/work/ALLCOM_QA_PLAYWRIGHT/ALLCOM_QA_PLAYWRIGHT/src/test_logs/LOGIN_STUDENT_CONFIRMED_WITH_NAME_PASSWORD_BY_USERNAME_PASSWORD_14-23-01/Video.webm
67018 [Test worker] INFO  lms_pages.UI.LoginPage -- FILE HAR  : /home/runner/work/ALLCOM_QA_PLAYWRIGHT/ALLCOM_QA_PLAYWRIGHT/src/test_logs/LOGIN_STUDENT_CONFIRMED_WITH_NAME_PASSWORD_BY_USERNAME_PASSWORD_14-23-01/Har.har
67018 [Test worker] ERROR lms_tests.BaseTest -- TEST FAILED, Time taken: [2734] milliseconds;
67407 [Test worker] INFO  lms_tests.BaseTest -- [===================================[ LOGIN_STUDENT_NOT_CONFIRMED_PRIMARY_COHORT_5 ]===================================]
67407 [Test worker] INFO  lms_tests.BaseTest -- TEST START;
68704 [Test worker] ERROR lms_pages.UI.LoginPage -- [loginMethod]: USER [s05@dev-lms.de] and PASSWORD [lms-dev-pass-2024] is not logged in because login or password is invalid, user not exist or not confirmed yet.
68710 [Test worker] ERROR lms_pages.UI.LoginPage -- [isUserLoggedIn]: User is not logged in.
68846 [Test worker] INFO  lms_tests.BaseTest -- TEST PASSED, Time taken: [1438] milliseconds;
69250 [Test worker] INFO  lms_tests.BaseTest -- [===================================[ LOGIN_STUDENT_NOT_CONFIRMED_PRIMARY_COHORT_NONE ]===================================]
69250 [Test worker] INFO  lms_tests.BaseTest -- TEST START;
70557 [Test worker] ERROR lms_pages.UI.LoginPage -- [loginMethod]: USER [s09@dev-lms.de] and PASSWORD [lms-dev-pass-2024] is not logged in because login or password is invalid, user not exist or not confirmed yet.
70563 [Test worker] ERROR lms_pages.UI.LoginPage -- [isUserLoggedIn]: User is not logged in.
70858 [Test worker] INFO  lms_tests.BaseTest -- TEST PASSED, Time taken: [1607] milliseconds;
71305 [Test worker] INFO  lms_tests.BaseTest -- [===================================[ LOGIN_STUDENT_NOT_CONFIRMED_WITHOUT_EMAIL ]===================================]
71306 [Test worker] INFO  lms_tests.BaseTest -- TEST START;
72201 [Test worker] ERROR lms_pages.UI.LoginPage -- [loginMethod]: Email address is empty.
72378 [Test worker] ERROR lms_pages.UI.LoginPage -- [loginMethod]: Sign In button not found or not enabled.
73391 [Test worker] ERROR lms_pages.UI.LoginPage -- [isUserLoggedIn]: User is not logged in.
73704 [Test worker] INFO  lms_tests.BaseTest -- TEST PASSED, Time taken: [2398] milliseconds;
74102 [Test worker] INFO  lms_tests.BaseTest -- [===================================[ LOGIN_STUDENT_NOT_CONFIRMED_WITHOUT_PASS ]===================================]
74102 [Test worker] INFO  lms_tests.BaseTest -- TEST START;
75042 [Test worker] ERROR lms_pages.UI.LoginPage -- [loginMethod]: Password is empty.
75096 [Test worker] ERROR lms_pages.UI.LoginPage -- [loginMethod]: Sign In button not found or not enabled.
76103 [Test worker] ERROR lms_pages.UI.LoginPage -- [isUserLoggedIn]: User is not logged in.
76406 [Test worker] INFO  lms_tests.BaseTest -- TEST PASSED, Time taken: [2303] milliseconds;
76818 [Test worker] INFO  lms_tests.BaseTest -- [===================================[ LOGIN_TEACHER_CONFIRMED_WITHOUT_ZOOM_ACCOUNT ]===================================]
76818 [Test worker] INFO  lms_tests.BaseTest -- TEST START;
78904 [Test worker] ERROR lms_pages.UI.LoginPage -- [isUserLoggedIn]: User is logged in.
79212 [Test worker] INFO  lms_tests.BaseTest -- TEST PASSED, Time taken: [2393] milliseconds;
79606 [Test worker] INFO  lms_tests.BaseTest -- [===================================[ LOGIN_TEACHER_CONFIRMED_WITH_INVALID_ZOOM_ACCOUNT ]===================================]
79606 [Test worker] INFO  lms_tests.BaseTest -- TEST START;
82303 [Test worker] ERROR lms_pages.UI.LoginPage -- [isUserLoggedIn]: User is logged in.
82620 [Test worker] INFO  lms_tests.BaseTest -- TEST PASSED, Time taken: [3014] milliseconds;
83001 [Test worker] INFO  lms_tests.BaseTest -- [===================================[ LOGIN_TEACHER_CONFIRMED_WITH_VALID_ZOOM_ACCOUNT ]===================================]
83001 [Test worker] INFO  lms_tests.BaseTest -- TEST START;
85049 [Test worker] ERROR lms_pages.UI.LoginPage -- [isUserLoggedIn]: User is logged in.
85326 [Test worker] INFO  lms_tests.BaseTest -- TEST PASSED, Time taken: [2325] milliseconds;
85707 [Test worker] INFO  lms_tests.BaseTest -- [===================================[ LOGIN_TEACHER_NOT_CONFIRMED_WITHOUT_ZOOM_ACCOUNT ]===================================]
85707 [Test worker] INFO  lms_tests.BaseTest -- TEST START;
86956 [Test worker] ERROR lms_pages.UI.LoginPage -- [loginMethod]: USER [t06@dev-lms.de] and PASSWORD [lms-dev-pass-2024] is not logged in because login or password is invalid, user not exist or not confirmed yet.
86961 [Test worker] ERROR lms_pages.UI.LoginPage -- [isUserLoggedIn]: User is not logged in.
87119 [Test worker] INFO  lms_tests.BaseTest -- TEST PASSED, Time taken: [1411] milliseconds;
87518 [Test worker] INFO  lms_tests.BaseTest -- [===================================[ LOGIN_TEACHER_NOT_CONFIRMED_WITHOUT_ZOOM_ACCOUNT_WITHOUT_PASSWORD ]===================================]
87518 [Test worker] INFO  lms_tests.BaseTest -- TEST START;
88474 [Test worker] ERROR lms_pages.UI.LoginPage -- [loginMethod]: Password is empty.
88511 [Test worker] ERROR lms_pages.UI.LoginPage -- [loginMethod]: Sign In button not found or not enabled.
89522 [Test worker] ERROR lms_pages.UI.LoginPage -- [isUserLoggedIn]: User is not logged in.
89831 [Test worker] INFO  lms_tests.BaseTest -- TEST PASSED, Time taken: [2313] milliseconds;
90255 [Test worker] INFO  lms_tests.BaseTest -- [===================================[ LOGIN_TEACHER_NOT_CONFIRMED_WITH_INVALID_ZOOM_ACCOUNT ]===================================]
90256 [Test worker] INFO  lms_tests.BaseTest -- TEST START;
92048 [Test worker] ERROR lms_pages.UI.LoginPage -- [loginMethod]: USER [t02@dev-lms.de] and PASSWORD [lms-dev-pass-2024] is not logged in because login or password is invalid, user not exist or not confirmed yet.
92070 [Test worker] ERROR lms_pages.UI.LoginPage -- [isUserLoggedIn]: User is not logged in.
92396 [Test worker] INFO  lms_tests.BaseTest -- TEST PASSED, Time taken: [2140] milliseconds;
