915  [Test worker] WARN  org.testng.internal.Configuration -- Detected a static method [lms_tests.BaseTest.setUp()]. Static configuration methods can cause unexpected behavior.
949  [Test worker] WARN  org.testng.internal.Configuration -- Detected a static method [lms_tests.BaseTest.setUp()]. Static configuration methods can cause unexpected behavior.
967  [Test worker] WARN  org.testng.internal.Configuration -- Detected a static method [lms_tests.BaseTest.setUp()]. Static configuration methods can cause unexpected behavior.
982  [Test worker] WARN  org.testng.internal.Configuration -- Detected a static method [lms_tests.BaseTest.setUp()]. Static configuration methods can cause unexpected behavior.
8621 [Test worker] INFO  lms_tests.BaseTest -- [===================================[ fillManyTextBoxes ]===================================]
8621 [Test worker] INFO  lms_tests.BaseTest -- TEST START;
29111 [Test worker] INFO  lms_tests.BaseTest -- TEST PASSED, Time taken: [20490] milliseconds;
29584 [Test worker] INFO  lms_tests.BaseTest -- [===================================[ textBoxFillTest ]===================================]
29584 [Test worker] INFO  lms_tests.BaseTest -- TEST START;
33411 [Test worker] INFO  lms_tests.BaseTest -- TEST PASSED, Time taken: [3826] milliseconds;
33794 [Test worker] INFO  lms_tests.BaseTest -- [===================================[ LOGIN_ADMIN_CONFIRMED_WITHOUT_ZOOM_ACCOUNT ]===================================]
33794 [Test worker] INFO  lms_tests.BaseTest -- TEST START;
36427 [Test worker] ERROR lms_pages.UI.LoginPage -- [isUserLoggedIn]: User is logged in.
36746 [Test worker] INFO  lms_tests.BaseTest -- TEST PASSED, Time taken: [2952] milliseconds;
37152 [Test worker] INFO  lms_tests.BaseTest -- [===================================[ LOGIN_ADMIN_CONFIRMED_WITHOUT_ZOOM_ACCOUNT_WITHOUT_PASSWORD ]===================================]
37153 [Test worker] INFO  lms_tests.BaseTest -- TEST START;
38652 [Test worker] ERROR lms_pages.UI.LoginPage -- [loginMethod]: Password is empty.
38687 [Test worker] ERROR lms_pages.UI.LoginPage -- [loginMethod]: Sign In button not found or not enabled.
39694 [Test worker] ERROR lms_pages.UI.LoginPage -- [isUserLoggedIn]: User is not logged in.
39979 [Test worker] INFO  lms_tests.BaseTest -- TEST PASSED, Time taken: [2826] milliseconds;
40372 [Test worker] INFO  lms_tests.BaseTest -- [===================================[ LOGIN_ADMIN_CONFIRMED_WITH_INVALID_ZOOM_ACCOUNT ]===================================]
40372 [Test worker] INFO  lms_tests.BaseTest -- TEST START;
42971 [Test worker] ERROR lms_pages.UI.LoginPage -- [isUserLoggedIn]: User is logged in.
43272 [Test worker] INFO  lms_tests.BaseTest -- TEST PASSED, Time taken: [2900] milliseconds;
43669 [Test worker] INFO  lms_tests.BaseTest -- [===================================[ LOGIN_ADMIN_NOT_CONFIRMED_WITH_INVALID_ZOOM_ACCOUNT ]===================================]
43669 [Test worker] INFO  lms_tests.BaseTest -- TEST START;
45492 [Test worker] ERROR lms_pages.UI.LoginPage -- [loginMethod]: USER [a02@dev-lms.de] and PASSWORD [lms-dev-pass-2024] is not logged in because login or password is invalid, user not exist or not confirmed yet.
45497 [Test worker] ERROR lms_pages.UI.LoginPage -- [isUserLoggedIn]: User is not logged in.
45783 [Test worker] INFO  lms_tests.BaseTest -- TEST PASSED, Time taken: [2114] milliseconds;
46175 [Test worker] INFO  lms_tests.BaseTest -- [===================================[ LOGIN_NON_EXISTENT_ACCOUNT ]===================================]
46175 [Test worker] INFO  lms_tests.BaseTest -- TEST START;
47491 [Test worker] ERROR lms_pages.UI.LoginPage -- [loginMethod]: USER [sss@dev-lms.de] and PASSWORD [ssSSSs@2012] is not logged in because login or password is invalid, user not exist or not confirmed yet.
47497 [Test worker] ERROR lms_pages.UI.LoginPage -- [isUserLoggedIn]: User is not logged in.
47646 [Test worker] INFO  lms_tests.BaseTest -- TEST PASSED, Time taken: [1471] milliseconds;
48045 [Test worker] INFO  lms_tests.BaseTest -- [===================================[ LOGIN_STUDENT_CONFIRMED_PRIMARY_COHORT_1 ]===================================]
48045 [Test worker] INFO  lms_tests.BaseTest -- TEST START;
50093 [Test worker] ERROR lms_pages.UI.LoginPage -- [isUserLoggedIn]: User is logged in.
50389 [Test worker] INFO  lms_tests.BaseTest -- TEST PASSED, Time taken: [2344] milliseconds;
50780 [Test worker] INFO  lms_tests.BaseTest -- [===================================[ LOGIN_STUDENT_CONFIRMED_PRIMARY_COHORT_NONE ]===================================]
50780 [Test worker] INFO  lms_tests.BaseTest -- TEST START;
52888 [Test worker] ERROR lms_pages.UI.LoginPage -- [loginMethod]: Login status is not as expected. Expected login status: [false]. Error is present on Login Page?: [false]. User [s11@dev-lms.de]. Password [lms-dev-pass-2024]
53025 [Test worker] INFO  lms_pages.UI.LoginPage -- FILE TRACE: /home/runner/work/ALLCOM_QA_PLAYWRIGHT/ALLCOM_QA_PLAYWRIGHT/src/test_logs/LOGIN_STUDENT_CONFIRMED_PRIMARY_COHORT_NONE_17-05-20/Trace.zip
53307 [Test worker] INFO  lms_pages.UI.LoginPage -- FILE SCREENSHOT: /home/runner/work/ALLCOM_QA_PLAYWRIGHT/ALLCOM_QA_PLAYWRIGHT/src/test_logs/LOGIN_STUDENT_CONFIRMED_PRIMARY_COHORT_NONE_17-05-20/Screenshot.png
53315 [Test worker] INFO  lms_pages.UI.LoginPage -- FILE PAGE : /home/runner/work/ALLCOM_QA_PLAYWRIGHT/ALLCOM_QA_PLAYWRIGHT/src/test_logs/LOGIN_STUDENT_CONFIRMED_PRIMARY_COHORT_NONE_17-05-20/Page Source.html
53664 [Test worker] INFO  lms_pages.UI.LoginPage -- FILE VIDEO: /home/runner/work/ALLCOM_QA_PLAYWRIGHT/ALLCOM_QA_PLAYWRIGHT/src/test_logs/LOGIN_STUDENT_CONFIRMED_PRIMARY_COHORT_NONE_17-05-20/Video.webm
53670 [Test worker] INFO  lms_pages.UI.LoginPage -- FILE HAR  : /home/runner/work/ALLCOM_QA_PLAYWRIGHT/ALLCOM_QA_PLAYWRIGHT/src/test_logs/LOGIN_STUDENT_CONFIRMED_PRIMARY_COHORT_NONE_17-05-20/Har.har
53670 [Test worker] ERROR lms_tests.BaseTest -- TEST FAILED, Time taken: [2890] milliseconds;
54076 [Test worker] INFO  lms_tests.BaseTest -- [===================================[ LOGIN_STUDENT_CONFIRMED_WITHOUT_PASS_PRIMARY_COHORT_4 ]===================================]
54076 [Test worker] INFO  lms_tests.BaseTest -- TEST START;
55159 [Test worker] ERROR lms_pages.UI.LoginPage -- [loginMethod]: Password is empty.
55214 [Test worker] ERROR lms_pages.UI.LoginPage -- [loginMethod]: Sign In button not found or not enabled.
56222 [Test worker] ERROR lms_pages.UI.LoginPage -- [isUserLoggedIn]: User is not logged in.
56521 [Test worker] INFO  lms_tests.BaseTest -- TEST PASSED, Time taken: [2444] milliseconds;
56916 [Test worker] INFO  lms_tests.BaseTest -- [===================================[ LOGIN_STUDENT_CONFIRMED_WITHOUT_PASS_PRIMARY_COHORT_NONE ]===================================]
56917 [Test worker] INFO  lms_tests.BaseTest -- TEST START;
57871 [Test worker] ERROR lms_pages.UI.LoginPage -- [loginMethod]: Password is empty.
57913 [Test worker] ERROR lms_pages.UI.LoginPage -- [loginMethod]: Sign In button not found or not enabled.
58920 [Test worker] ERROR lms_pages.UI.LoginPage -- [isUserLoggedIn]: User is not logged in.
59199 [Test worker] INFO  lms_tests.BaseTest -- TEST PASSED, Time taken: [2282] milliseconds;
59575 [Test worker] INFO  lms_tests.BaseTest -- [===================================[ LOGIN_STUDENT_CONFIRMED_WITH_NAME_PASSWORD_BY_USERNAME_PASSWORD ]===================================]
59575 [Test worker] INFO  lms_tests.BaseTest -- TEST START;
61626 [Test worker] ERROR lms_pages.UI.LoginPage -- [isUserLoggedIn]: User is logged in.
61757 [Test worker] INFO  lms_pages.UI.LoginPage -- FILE TRACE: /home/runner/work/ALLCOM_QA_PLAYWRIGHT/ALLCOM_QA_PLAYWRIGHT/src/test_logs/LOGIN_STUDENT_CONFIRMED_WITH_NAME_PASSWORD_BY_USERNAME_PASSWORD_17-05-29/Trace.zip
61962 [Test worker] INFO  lms_pages.UI.LoginPage -- FILE SCREENSHOT: /home/runner/work/ALLCOM_QA_PLAYWRIGHT/ALLCOM_QA_PLAYWRIGHT/src/test_logs/LOGIN_STUDENT_CONFIRMED_WITH_NAME_PASSWORD_BY_USERNAME_PASSWORD_17-05-29/Screenshot.png
61968 [Test worker] INFO  lms_pages.UI.LoginPage -- FILE PAGE : /home/runner/work/ALLCOM_QA_PLAYWRIGHT/ALLCOM_QA_PLAYWRIGHT/src/test_logs/LOGIN_STUDENT_CONFIRMED_WITH_NAME_PASSWORD_BY_USERNAME_PASSWORD_17-05-29/Page Source.html
62297 [Test worker] INFO  lms_pages.UI.LoginPage -- FILE VIDEO: /home/runner/work/ALLCOM_QA_PLAYWRIGHT/ALLCOM_QA_PLAYWRIGHT/src/test_logs/LOGIN_STUDENT_CONFIRMED_WITH_NAME_PASSWORD_BY_USERNAME_PASSWORD_17-05-29/Video.webm
62302 [Test worker] INFO  lms_pages.UI.LoginPage -- FILE HAR  : /home/runner/work/ALLCOM_QA_PLAYWRIGHT/ALLCOM_QA_PLAYWRIGHT/src/test_logs/LOGIN_STUDENT_CONFIRMED_WITH_NAME_PASSWORD_BY_USERNAME_PASSWORD_17-05-29/Har.har
62302 [Test worker] ERROR lms_tests.BaseTest -- TEST FAILED, Time taken: [2726] milliseconds;
62694 [Test worker] INFO  lms_tests.BaseTest -- [===================================[ LOGIN_STUDENT_NOT_CONFIRMED_PRIMARY_COHORT_5 ]===================================]
62694 [Test worker] INFO  lms_tests.BaseTest -- TEST START;
64487 [Test worker] ERROR lms_pages.UI.LoginPage -- [loginMethod]: USER [s05@dev-lms.de] and PASSWORD [lms-dev-pass-2024] is not logged in because login or password is invalid, user not exist or not confirmed yet.
64492 [Test worker] ERROR lms_pages.UI.LoginPage -- [isUserLoggedIn]: User is not logged in.
64831 [Test worker] INFO  lms_tests.BaseTest -- TEST PASSED, Time taken: [2136] milliseconds;
65230 [Test worker] INFO  lms_tests.BaseTest -- [===================================[ LOGIN_STUDENT_NOT_CONFIRMED_PRIMARY_COHORT_NONE ]===================================]
65231 [Test worker] INFO  lms_tests.BaseTest -- TEST START;
66493 [Test worker] ERROR lms_pages.UI.LoginPage -- [loginMethod]: USER [s09@dev-lms.de] and PASSWORD [lms-dev-pass-2024] is not logged in because login or password is invalid, user not exist or not confirmed yet.
66500 [Test worker] ERROR lms_pages.UI.LoginPage -- [isUserLoggedIn]: User is not logged in.
66683 [Test worker] INFO  lms_tests.BaseTest -- TEST PASSED, Time taken: [1452] milliseconds;
67153 [Test worker] INFO  lms_tests.BaseTest -- [===================================[ LOGIN_STUDENT_NOT_CONFIRMED_WITHOUT_EMAIL ]===================================]
67153 [Test worker] INFO  lms_tests.BaseTest -- TEST START;
68042 [Test worker] ERROR lms_pages.UI.LoginPage -- [loginMethod]: Email address is empty.
68213 [Test worker] ERROR lms_pages.UI.LoginPage -- [loginMethod]: Sign In button not found or not enabled.
69219 [Test worker] ERROR lms_pages.UI.LoginPage -- [isUserLoggedIn]: User is not logged in.
69493 [Test worker] INFO  lms_tests.BaseTest -- TEST PASSED, Time taken: [2340] milliseconds;
69882 [Test worker] INFO  lms_tests.BaseTest -- [===================================[ LOGIN_STUDENT_NOT_CONFIRMED_WITHOUT_PASS ]===================================]
69882 [Test worker] INFO  lms_tests.BaseTest -- TEST START;
71393 [Test worker] ERROR lms_pages.UI.LoginPage -- [loginMethod]: Password is empty.
71438 [Test worker] ERROR lms_pages.UI.LoginPage -- [loginMethod]: Sign In button not found or not enabled.
72444 [Test worker] ERROR lms_pages.UI.LoginPage -- [isUserLoggedIn]: User is not logged in.
72747 [Test worker] INFO  lms_tests.BaseTest -- TEST PASSED, Time taken: [2865] milliseconds;
73174 [Test worker] INFO  lms_tests.BaseTest -- [===================================[ LOGIN_TEACHER_CONFIRMED_WITHOUT_ZOOM_ACCOUNT ]===================================]
73174 [Test worker] INFO  lms_tests.BaseTest -- TEST START;
75192 [Test worker] ERROR lms_pages.UI.LoginPage -- [isUserLoggedIn]: User is logged in.
75500 [Test worker] INFO  lms_tests.BaseTest -- TEST PASSED, Time taken: [2326] milliseconds;
75888 [Test worker] INFO  lms_tests.BaseTest -- [===================================[ LOGIN_TEACHER_CONFIRMED_WITH_INVALID_ZOOM_ACCOUNT ]===================================]
75888 [Test worker] INFO  lms_tests.BaseTest -- TEST START;
77977 [Test worker] ERROR lms_pages.UI.LoginPage -- [isUserLoggedIn]: User is logged in.
78267 [Test worker] INFO  lms_tests.BaseTest -- TEST PASSED, Time taken: [2379] milliseconds;
78663 [Test worker] INFO  lms_tests.BaseTest -- [===================================[ LOGIN_TEACHER_CONFIRMED_WITH_VALID_ZOOM_ACCOUNT ]===================================]
78663 [Test worker] INFO  lms_tests.BaseTest -- TEST START;
80808 [Test worker] ERROR lms_pages.UI.LoginPage -- [isUserLoggedIn]: User is logged in.
81101 [Test worker] INFO  lms_tests.BaseTest -- TEST PASSED, Time taken: [2438] milliseconds;
81525 [Test worker] INFO  lms_tests.BaseTest -- [===================================[ LOGIN_TEACHER_NOT_CONFIRMED_WITHOUT_ZOOM_ACCOUNT ]===================================]
81525 [Test worker] INFO  lms_tests.BaseTest -- TEST START;
82858 [Test worker] ERROR lms_pages.UI.LoginPage -- [loginMethod]: USER [t06@dev-lms.de] and PASSWORD [lms-dev-pass-2024] is not logged in because login or password is invalid, user not exist or not confirmed yet.
82865 [Test worker] ERROR lms_pages.UI.LoginPage -- [isUserLoggedIn]: User is not logged in.
83084 [Test worker] INFO  lms_tests.BaseTest -- TEST PASSED, Time taken: [1558] milliseconds;
83483 [Test worker] INFO  lms_tests.BaseTest -- [===================================[ LOGIN_TEACHER_NOT_CONFIRMED_WITHOUT_ZOOM_ACCOUNT_WITHOUT_PASSWORD ]===================================]
83484 [Test worker] INFO  lms_tests.BaseTest -- TEST START;
84427 [Test worker] ERROR lms_pages.UI.LoginPage -- [loginMethod]: Password is empty.
84477 [Test worker] ERROR lms_pages.UI.LoginPage -- [loginMethod]: Sign In button not found or not enabled.
85489 [Test worker] ERROR lms_pages.UI.LoginPage -- [isUserLoggedIn]: User is not logged in.
85784 [Test worker] INFO  lms_tests.BaseTest -- TEST PASSED, Time taken: [2300] milliseconds;
86175 [Test worker] INFO  lms_tests.BaseTest -- [===================================[ LOGIN_TEACHER_NOT_CONFIRMED_WITH_INVALID_ZOOM_ACCOUNT ]===================================]
86175 [Test worker] INFO  lms_tests.BaseTest -- TEST START;
87431 [Test worker] ERROR lms_pages.UI.LoginPage -- [loginMethod]: USER [t02@dev-lms.de] and PASSWORD [lms-dev-pass-2024] is not logged in because login or password is invalid, user not exist or not confirmed yet.
87437 [Test worker] ERROR lms_pages.UI.LoginPage -- [isUserLoggedIn]: User is not logged in.
87584 [Test worker] INFO  lms_tests.BaseTest -- TEST PASSED, Time taken: [1409] milliseconds;
