<!DOCTYPE html>
<html>
<head>
<meta http-equiv="Content-Type" content="text/html; charset=utf-8"/>
<meta http-equiv="x-ua-compatible" content="IE=edge"/>
<title>Test results - Class lms_tests.Tests_UI.login_tests.LoginTests</title>
<link href="../css/base-style.css" rel="stylesheet" type="text/css"/>
<link href="../css/style.css" rel="stylesheet" type="text/css"/>
<script src="../js/report.js" type="text/javascript"></script>
</head>
<body>
<div id="content">
<h1>Class lms_tests.Tests_UI.login_tests.LoginTests</h1>
<div class="breadcrumbs">
<a href="../index.html">all</a> &gt; 
<a href="../packages/lms_tests.Tests_UI.login_tests.html">lms_tests.Tests_UI.login_tests</a> &gt; LoginTests</div>
<div id="summary">
<table>
<tr>
<td>
<div class="summaryGroup">
<table>
<tr>
<td>
<div class="infoBox" id="tests">
<div class="counter">20</div>
<p>tests</p>
</div>
</td>
<td>
<div class="infoBox" id="failures">
<div class="counter">2</div>
<p>failures</p>
</div>
</td>
<td>
<div class="infoBox" id="ignored">
<div class="counter">0</div>
<p>ignored</p>
</div>
</td>
<td>
<div class="infoBox" id="duration">
<div class="counter">30.151s</div>
<p>duration</p>
</div>
</td>
</tr>
</table>
</div>
</td>
<td>
<div class="infoBox failures" id="successRate">
<div class="percent">90%</div>
<p>successful</p>
</div>
</td>
</tr>
</table>
</div>
<div id="tabs">
<ul class="tabLinks">
<li>
<a href="#tab0">Failed tests</a>
</li>
<li>
<a href="#tab1">Tests</a>
</li>
<li>
<a href="#tab2">Standard output</a>
</li>
</ul>
<div id="tab0" class="tab">
<h2>Failed tests</h2>
<div class="test">
<a name="LOGIN_STUDENT_CONFIRMED_PRIMARY_COHORT_NONE"></a>
<h3 class="failures">LOGIN_STUDENT_CONFIRMED_PRIMARY_COHORT_NONE</h3>
<span class="code">
<pre>java.lang.AssertionError: Login status is not as expected.
Expected login status: [false]
Error is present on Login Page?: [false]
User [s11@dev-lms.de]
Password [lms-dev-pass-2024]
	at org.testng.Assert.fail(Assert.java:111)
	at lms_pages.BaseHelper.lambda$checkLoginStatus$6(BaseHelper.java:349)
	at io.qameta.allure.Allure.lambda$step$0(Allure.java:113)
	at io.qameta.allure.Allure.lambda$step$1(Allure.java:127)
	at io.qameta.allure.Allure.step(Allure.java:181)
	at io.qameta.allure.Allure.step(Allure.java:125)
	at io.qameta.allure.Allure.step(Allure.java:112)
	at lms_pages.BaseHelper.checkLoginStatus(BaseHelper.java:336)
	at lms_pages.UI.LoginPage.loginMethod(LoginPage.java:69)
	at lms_pages.UI.LoginPage.login(LoginPage.java:50)
	at lms_tests.Tests_UI.login_tests.LoginTests.LOGIN_STUDENT_CONFIRMED_PRIMARY_COHORT_NONE(LoginTests.java:98)
	at java.base/jdk.internal.reflect.NativeMethodAccessorImpl.invoke0(Native Method)
	at java.base/jdk.internal.reflect.NativeMethodAccessorImpl.invoke(NativeMethodAccessorImpl.java:77)
	at java.base/jdk.internal.reflect.DelegatingMethodAccessorImpl.invoke(DelegatingMethodAccessorImpl.java:43)
	at java.base/java.lang.reflect.Method.invoke(Method.java:568)
	at org.testng.internal.invokers.MethodInvocationHelper.invokeMethod(MethodInvocationHelper.java:139)
	at org.testng.internal.invokers.TestInvoker.invokeMethod(TestInvoker.java:664)
	at org.testng.internal.invokers.TestInvoker.invokeTestMethod(TestInvoker.java:228)
	at org.testng.internal.invokers.MethodRunner.runInSequence(MethodRunner.java:63)
	at org.testng.internal.invokers.TestInvoker$MethodInvocationAgent.invoke(TestInvoker.java:961)
	at org.testng.internal.invokers.TestInvoker.invokeTestMethods(TestInvoker.java:201)
	at org.testng.internal.invokers.TestMethodWorker.invokeTestMethods(TestMethodWorker.java:148)
	at org.testng.internal.invokers.TestMethodWorker.run(TestMethodWorker.java:128)
	at java.base/java.util.ArrayList.forEach(ArrayList.java:1511)
	at org.testng.TestRunner.privateRun(TestRunner.java:819)
	at org.testng.TestRunner.run(TestRunner.java:619)
	at org.testng.SuiteRunner.runTest(SuiteRunner.java:443)
	at org.testng.SuiteRunner.runSequentially(SuiteRunner.java:437)
	at org.testng.SuiteRunner.privateRun(SuiteRunner.java:397)
	at org.testng.SuiteRunner.run(SuiteRunner.java:336)
	at org.testng.SuiteRunnerWorker.runSuite(SuiteRunnerWorker.java:52)
	at org.testng.SuiteRunnerWorker.run(SuiteRunnerWorker.java:95)
	at org.testng.TestNG.runSuitesSequentially(TestNG.java:1301)
	at org.testng.TestNG.runSuitesLocally(TestNG.java:1228)
	at org.testng.TestNG.runSuites(TestNG.java:1134)
	at org.testng.TestNG.run(TestNG.java:1101)
	at org.gradle.api.internal.tasks.testing.testng.TestNGTestClassProcessor.runTests(TestNGTestClassProcessor.java:148)
	at org.gradle.api.internal.tasks.testing.testng.TestNGTestClassProcessor.stop(TestNGTestClassProcessor.java:95)
	at org.gradle.api.internal.tasks.testing.SuiteTestClassProcessor.stop(SuiteTestClassProcessor.java:62)
	at java.base/jdk.internal.reflect.NativeMethodAccessorImpl.invoke0(Native Method)
	at java.base/jdk.internal.reflect.NativeMethodAccessorImpl.invoke(NativeMethodAccessorImpl.java:77)
	at java.base/jdk.internal.reflect.DelegatingMethodAccessorImpl.invoke(DelegatingMethodAccessorImpl.java:43)
	at java.base/java.lang.reflect.Method.invoke(Method.java:568)
	at org.gradle.internal.dispatch.ReflectionDispatch.dispatch(ReflectionDispatch.java:36)
	at org.gradle.internal.dispatch.ReflectionDispatch.dispatch(ReflectionDispatch.java:24)
	at org.gradle.internal.dispatch.ContextClassLoaderDispatch.dispatch(ContextClassLoaderDispatch.java:33)
	at org.gradle.internal.dispatch.ProxyDispatchAdapter$DispatchingInvocationHandler.invoke(ProxyDispatchAdapter.java:94)
	at jdk.proxy1/jdk.proxy1.$Proxy2.stop(Unknown Source)
	at org.gradle.api.internal.tasks.testing.worker.TestWorker$3.run(TestWorker.java:193)
	at org.gradle.api.internal.tasks.testing.worker.TestWorker.executeAndMaintainThreadName(TestWorker.java:129)
	at org.gradle.api.internal.tasks.testing.worker.TestWorker.execute(TestWorker.java:100)
	at org.gradle.api.internal.tasks.testing.worker.TestWorker.execute(TestWorker.java:60)
	at org.gradle.process.internal.worker.child.ActionExecutionWorker.execute(ActionExecutionWorker.java:56)
	at org.gradle.process.internal.worker.child.SystemApplicationClassLoaderWorker.call(SystemApplicationClassLoaderWorker.java:113)
	at org.gradle.process.internal.worker.child.SystemApplicationClassLoaderWorker.call(SystemApplicationClassLoaderWorker.java:65)
	at worker.org.gradle.process.internal.worker.GradleWorkerMain.run(GradleWorkerMain.java:69)
	at worker.org.gradle.process.internal.worker.GradleWorkerMain.main(GradleWorkerMain.java:74)
</pre>
</span>
</div>
<div class="test">
<a name="LOGIN_STUDENT_CONFIRMED_WITH_NAME_PASSWORD_BY_USERNAME_PASSWORD"></a>
<h3 class="failures">LOGIN_STUDENT_CONFIRMED_WITH_NAME_PASSWORD_BY_USERNAME_PASSWORD</h3>
<span class="code">
<pre>java.lang.AssertionError: 
Current page URL has not expected value
Expected result [false]
Current URL  https://lms-development-rtprf.ondigitalocean.app/#/student-cabinet/lessons
Expected URL https://lms-development-rtprf.ondigitalocean.app/#/student-cabinet/lessons expected [false] but found [true]
	at org.testng.Assert.fail(Assert.java:111)
	at org.testng.Assert.failNotEquals(Assert.java:1578)
	at org.testng.Assert.assertFalse(Assert.java:79)
	at lms_pages.BasePage.lambda$isCurrentPage$1(BasePage.java:29)
	at io.qameta.allure.Allure.lambda$step$0(Allure.java:113)
	at io.qameta.allure.Allure.lambda$step$1(Allure.java:127)
	at io.qameta.allure.Allure.step(Allure.java:181)
	at io.qameta.allure.Allure.step(Allure.java:125)
	at io.qameta.allure.Allure.step(Allure.java:112)
	at lms_pages.BasePage.isCurrentPage(BasePage.java:18)
	at lms_tests.Tests_UI.login_tests.LoginTests.LOGIN_STUDENT_CONFIRMED_WITH_NAME_PASSWORD_BY_USERNAME_PASSWORD(LoginTests.java:35)
	at java.base/jdk.internal.reflect.NativeMethodAccessorImpl.invoke0(Native Method)
	at java.base/jdk.internal.reflect.NativeMethodAccessorImpl.invoke(NativeMethodAccessorImpl.java:77)
	at java.base/jdk.internal.reflect.DelegatingMethodAccessorImpl.invoke(DelegatingMethodAccessorImpl.java:43)
	at java.base/java.lang.reflect.Method.invoke(Method.java:568)
	at org.testng.internal.invokers.MethodInvocationHelper.invokeMethod(MethodInvocationHelper.java:139)
	at org.testng.internal.invokers.TestInvoker.invokeMethod(TestInvoker.java:664)
	at org.testng.internal.invokers.TestInvoker.invokeTestMethod(TestInvoker.java:228)
	at org.testng.internal.invokers.MethodRunner.runInSequence(MethodRunner.java:63)
	at org.testng.internal.invokers.TestInvoker$MethodInvocationAgent.invoke(TestInvoker.java:961)
	at org.testng.internal.invokers.TestInvoker.invokeTestMethods(TestInvoker.java:201)
	at org.testng.internal.invokers.TestMethodWorker.invokeTestMethods(TestMethodWorker.java:148)
	at org.testng.internal.invokers.TestMethodWorker.run(TestMethodWorker.java:128)
	at java.base/java.util.ArrayList.forEach(ArrayList.java:1511)
	at org.testng.TestRunner.privateRun(TestRunner.java:819)
	at org.testng.TestRunner.run(TestRunner.java:619)
	at org.testng.SuiteRunner.runTest(SuiteRunner.java:443)
	at org.testng.SuiteRunner.runSequentially(SuiteRunner.java:437)
	at org.testng.SuiteRunner.privateRun(SuiteRunner.java:397)
	at org.testng.SuiteRunner.run(SuiteRunner.java:336)
	at org.testng.SuiteRunnerWorker.runSuite(SuiteRunnerWorker.java:52)
	at org.testng.SuiteRunnerWorker.run(SuiteRunnerWorker.java:95)
	at org.testng.TestNG.runSuitesSequentially(TestNG.java:1301)
	at org.testng.TestNG.runSuitesLocally(TestNG.java:1228)
	at org.testng.TestNG.runSuites(TestNG.java:1134)
	at org.testng.TestNG.run(TestNG.java:1101)
	at org.gradle.api.internal.tasks.testing.testng.TestNGTestClassProcessor.runTests(TestNGTestClassProcessor.java:148)
	at org.gradle.api.internal.tasks.testing.testng.TestNGTestClassProcessor.stop(TestNGTestClassProcessor.java:95)
	at org.gradle.api.internal.tasks.testing.SuiteTestClassProcessor.stop(SuiteTestClassProcessor.java:62)
	at java.base/jdk.internal.reflect.NativeMethodAccessorImpl.invoke0(Native Method)
	at java.base/jdk.internal.reflect.NativeMethodAccessorImpl.invoke(NativeMethodAccessorImpl.java:77)
	at java.base/jdk.internal.reflect.DelegatingMethodAccessorImpl.invoke(DelegatingMethodAccessorImpl.java:43)
	at java.base/java.lang.reflect.Method.invoke(Method.java:568)
	at org.gradle.internal.dispatch.ReflectionDispatch.dispatch(ReflectionDispatch.java:36)
	at org.gradle.internal.dispatch.ReflectionDispatch.dispatch(ReflectionDispatch.java:24)
	at org.gradle.internal.dispatch.ContextClassLoaderDispatch.dispatch(ContextClassLoaderDispatch.java:33)
	at org.gradle.internal.dispatch.ProxyDispatchAdapter$DispatchingInvocationHandler.invoke(ProxyDispatchAdapter.java:94)
	at jdk.proxy1/jdk.proxy1.$Proxy2.stop(Unknown Source)
	at org.gradle.api.internal.tasks.testing.worker.TestWorker$3.run(TestWorker.java:193)
	at org.gradle.api.internal.tasks.testing.worker.TestWorker.executeAndMaintainThreadName(TestWorker.java:129)
	at org.gradle.api.internal.tasks.testing.worker.TestWorker.execute(TestWorker.java:100)
	at org.gradle.api.internal.tasks.testing.worker.TestWorker.execute(TestWorker.java:60)
	at org.gradle.process.internal.worker.child.ActionExecutionWorker.execute(ActionExecutionWorker.java:56)
	at org.gradle.process.internal.worker.child.SystemApplicationClassLoaderWorker.call(SystemApplicationClassLoaderWorker.java:113)
	at org.gradle.process.internal.worker.child.SystemApplicationClassLoaderWorker.call(SystemApplicationClassLoaderWorker.java:65)
	at worker.org.gradle.process.internal.worker.GradleWorkerMain.run(GradleWorkerMain.java:69)
	at worker.org.gradle.process.internal.worker.GradleWorkerMain.main(GradleWorkerMain.java:74)
</pre>
</span>
</div>
</div>
<div id="tab1" class="tab">
<h2>Tests</h2>
<table>
<thead>
<tr>
<th>Test</th>
<th>Duration</th>
<th>Result</th>
</tr>
</thead>
<tr>
<td class="success">LOGIN_ADMIN_CONFIRMED_WITHOUT_ZOOM_ACCOUNT</td>
<td class="success">2.203s</td>
<td class="success">passed</td>
</tr>
<tr>
<td class="success">LOGIN_ADMIN_CONFIRMED_WITHOUT_ZOOM_ACCOUNT_WITHOUT_PASSWORD</td>
<td class="success">2.019s</td>
<td class="success">passed</td>
</tr>
<tr>
<td class="success">LOGIN_ADMIN_CONFIRMED_WITH_INVALID_ZOOM_ACCOUNT</td>
<td class="success">2.126s</td>
<td class="success">passed</td>
</tr>
<tr>
<td class="success">LOGIN_ADMIN_NOT_CONFIRMED_WITH_INVALID_ZOOM_ACCOUNT</td>
<td class="success">1.344s</td>
<td class="success">passed</td>
</tr>
<tr>
<td class="success">LOGIN_NON_EXISTENT_ACCOUNT</td>
<td class="success">1.364s</td>
<td class="success">passed</td>
</tr>
<tr>
<td class="success">LOGIN_STUDENT_CONFIRMED_PRIMARY_COHORT_1</td>
<td class="success">1.536s</td>
<td class="success">passed</td>
</tr>
<tr>
<td class="failures">LOGIN_STUDENT_CONFIRMED_PRIMARY_COHORT_NONE</td>
<td class="failures">1.564s</td>
<td class="failures">failed</td>
</tr>
<tr>
<td class="success">LOGIN_STUDENT_CONFIRMED_WITHOUT_PASS_PRIMARY_COHORT_4</td>
<td class="success">1.498s</td>
<td class="success">passed</td>
</tr>
<tr>
<td class="success">LOGIN_STUDENT_CONFIRMED_WITHOUT_PASS_PRIMARY_COHORT_NONE</td>
<td class="success">1.564s</td>
<td class="success">passed</td>
</tr>
<tr>
<td class="failures">LOGIN_STUDENT_CONFIRMED_WITH_NAME_PASSWORD_BY_USERNAME_PASSWORD</td>
<td class="failures">1.517s</td>
<td class="failures">failed</td>
</tr>
<tr>
<td class="success">LOGIN_STUDENT_NOT_CONFIRMED_PRIMARY_COHORT_5</td>
<td class="success">0.770s</td>
<td class="success">passed</td>
</tr>
<tr>
<td class="success">LOGIN_STUDENT_NOT_CONFIRMED_PRIMARY_COHORT_NONE</td>
<td class="success">0.784s</td>
<td class="success">passed</td>
</tr>
<tr>
<td class="success">LOGIN_STUDENT_NOT_CONFIRMED_WITHOUT_EMAIL</td>
<td class="success">1.553s</td>
<td class="success">passed</td>
</tr>
<tr>
<td class="success">LOGIN_STUDENT_NOT_CONFIRMED_WITHOUT_PASS</td>
<td class="success">1.513s</td>
<td class="success">passed</td>
</tr>
<tr>
<td class="success">LOGIN_TEACHER_CONFIRMED_WITHOUT_ZOOM_ACCOUNT</td>
<td class="success">1.556s</td>
<td class="success">passed</td>
</tr>
<tr>
<td class="success">LOGIN_TEACHER_CONFIRMED_WITH_INVALID_ZOOM_ACCOUNT</td>
<td class="success">2.167s</td>
<td class="success">passed</td>
</tr>
<tr>
<td class="success">LOGIN_TEACHER_CONFIRMED_WITH_VALID_ZOOM_ACCOUNT</td>
<td class="success">1.528s</td>
<td class="success">passed</td>
</tr>
<tr>
<td class="success">LOGIN_TEACHER_NOT_CONFIRMED_WITHOUT_ZOOM_ACCOUNT</td>
<td class="success">0.741s</td>
<td class="success">passed</td>
</tr>
<tr>
<td class="success">LOGIN_TEACHER_NOT_CONFIRMED_WITHOUT_ZOOM_ACCOUNT_WITHOUT_PASSWORD</td>
<td class="success">1.500s</td>
<td class="success">passed</td>
</tr>
<tr>
<td class="success">LOGIN_TEACHER_NOT_CONFIRMED_WITH_INVALID_ZOOM_ACCOUNT</td>
<td class="success">1.304s</td>
<td class="success">passed</td>
</tr>
</table>
</div>
<div id="tab2" class="tab">
<h2>Standard output</h2>
<span class="code">
<pre>14:22:32.938 [Test worker] INFO  lms_tests.BaseTest -- [===================================[ LOGIN_ADMIN_CONFIRMED_WITHOUT_ZOOM_ACCOUNT ]===================================]
14:22:32.938 [Test worker] INFO  lms_tests.BaseTest -- TEST START;
14:22:35.912 [Test worker] ERROR lms_pages.UI.LoginPage -- [isUserLoggedIn]: User is logged in.
14:22:36.126 [Test worker] INFO  lms_tests.BaseTest -- TEST PASSED, Time taken: [3187] milliseconds;
14:22:36.523 [Test worker] INFO  lms_tests.BaseTest -- [===================================[ LOGIN_ADMIN_CONFIRMED_WITHOUT_ZOOM_ACCOUNT_WITHOUT_PASSWORD ]===================================]
14:22:36.523 [Test worker] INFO  lms_tests.BaseTest -- TEST START;
14:22:38.010 [Test worker] ERROR lms_pages.UI.LoginPage -- [loginMethod]: Password is empty.
14:22:38.042 [Test worker] ERROR lms_pages.UI.LoginPage -- [loginMethod]: Sign In button not found or not enabled.
14:22:39.058 [Test worker] ERROR lms_pages.UI.LoginPage -- [isUserLoggedIn]: User is not logged in.
14:22:39.387 [Test worker] INFO  lms_tests.BaseTest -- TEST PASSED, Time taken: [2864] milliseconds;
14:22:39.799 [Test worker] INFO  lms_tests.BaseTest -- [===================================[ LOGIN_ADMIN_CONFIRMED_WITH_INVALID_ZOOM_ACCOUNT ]===================================]
14:22:39.799 [Test worker] INFO  lms_tests.BaseTest -- TEST START;
14:22:42.450 [Test worker] ERROR lms_pages.UI.LoginPage -- [isUserLoggedIn]: User is logged in.
14:22:42.764 [Test worker] INFO  lms_tests.BaseTest -- TEST PASSED, Time taken: [2964] milliseconds;
14:22:43.167 [Test worker] INFO  lms_tests.BaseTest -- [===================================[ LOGIN_ADMIN_NOT_CONFIRMED_WITH_INVALID_ZOOM_ACCOUNT ]===================================]
14:22:43.168 [Test worker] INFO  lms_tests.BaseTest -- TEST START;
14:22:44.987 [Test worker] ERROR lms_pages.UI.LoginPage -- [loginMethod]: USER [a02@dev-lms.de] and PASSWORD [lms-dev-pass-2024] is not logged in because login or password is invalid, user not exist or not confirmed yet.
14:22:44.993 [Test worker] ERROR lms_pages.UI.LoginPage -- [isUserLoggedIn]: User is not logged in.
14:22:45.256 [Test worker] INFO  lms_tests.BaseTest -- TEST PASSED, Time taken: [2088] milliseconds;
14:22:45.708 [Test worker] INFO  lms_tests.BaseTest -- [===================================[ LOGIN_NON_EXISTENT_ACCOUNT ]===================================]
14:22:45.708 [Test worker] INFO  lms_tests.BaseTest -- TEST START;
14:22:47.579 [Test worker] ERROR lms_pages.UI.LoginPage -- [loginMethod]: USER [sss@dev-lms.de] and PASSWORD [ssSSSs@2012] is not logged in because login or password is invalid, user not exist or not confirmed yet.
14:22:47.588 [Test worker] ERROR lms_pages.UI.LoginPage -- [isUserLoggedIn]: User is not logged in.
14:22:47.931 [Test worker] INFO  lms_tests.BaseTest -- TEST PASSED, Time taken: [2223] milliseconds;
14:22:48.341 [Test worker] INFO  lms_tests.BaseTest -- [===================================[ LOGIN_STUDENT_CONFIRMED_PRIMARY_COHORT_1 ]===================================]
14:22:48.342 [Test worker] INFO  lms_tests.BaseTest -- TEST START;
14:22:50.449 [Test worker] ERROR lms_pages.UI.LoginPage -- [isUserLoggedIn]: User is logged in.
14:22:50.750 [Test worker] INFO  lms_tests.BaseTest -- TEST PASSED, Time taken: [2409] milliseconds;
14:22:51.150 [Test worker] INFO  lms_tests.BaseTest -- [===================================[ LOGIN_STUDENT_CONFIRMED_PRIMARY_COHORT_NONE ]===================================]
14:22:51.151 [Test worker] INFO  lms_tests.BaseTest -- TEST START;
14:22:53.230 [Test worker] ERROR lms_pages.UI.LoginPage -- [loginMethod]: Login status is not as expected. Expected login status: [false]. Error is present on Login Page?: [false]. User [s11@dev-lms.de]. Password [lms-dev-pass-2024]
14:22:53.375 [Test worker] INFO  lms_pages.UI.LoginPage -- FILE TRACE: /home/runner/work/ALLCOM_QA_PLAYWRIGHT/ALLCOM_QA_PLAYWRIGHT/src/test_logs/LOGIN_STUDENT_CONFIRMED_PRIMARY_COHORT_NONE_14-22-53/Trace.zip
14:22:53.633 [Test worker] INFO  lms_pages.UI.LoginPage -- FILE SCREENSHOT: /home/runner/work/ALLCOM_QA_PLAYWRIGHT/ALLCOM_QA_PLAYWRIGHT/src/test_logs/LOGIN_STUDENT_CONFIRMED_PRIMARY_COHORT_NONE_14-22-53/Screenshot.png
14:22:53.645 [Test worker] INFO  lms_pages.UI.LoginPage -- FILE PAGE : /home/runner/work/ALLCOM_QA_PLAYWRIGHT/ALLCOM_QA_PLAYWRIGHT/src/test_logs/LOGIN_STUDENT_CONFIRMED_PRIMARY_COHORT_NONE_14-22-53/Page Source.html
14:22:53.969 [Test worker] INFO  lms_pages.UI.LoginPage -- FILE VIDEO: /home/runner/work/ALLCOM_QA_PLAYWRIGHT/ALLCOM_QA_PLAYWRIGHT/src/test_logs/LOGIN_STUDENT_CONFIRMED_PRIMARY_COHORT_NONE_14-22-53/Video.webm
14:22:53.974 [Test worker] INFO  lms_pages.UI.LoginPage -- FILE HAR  : /home/runner/work/ALLCOM_QA_PLAYWRIGHT/ALLCOM_QA_PLAYWRIGHT/src/test_logs/LOGIN_STUDENT_CONFIRMED_PRIMARY_COHORT_NONE_14-22-53/Har.har
14:22:53.975 [Test worker] ERROR lms_tests.BaseTest -- TEST FAILED, Time taken: [2824] milliseconds;
14:22:54.435 [Test worker] INFO  lms_tests.BaseTest -- [===================================[ LOGIN_STUDENT_CONFIRMED_WITHOUT_PASS_PRIMARY_COHORT_4 ]===================================]
14:22:54.435 [Test worker] INFO  lms_tests.BaseTest -- TEST START;
14:22:55.406 [Test worker] ERROR lms_pages.UI.LoginPage -- [loginMethod]: Password is empty.
14:22:55.442 [Test worker] ERROR lms_pages.UI.LoginPage -- [loginMethod]: Sign In button not found or not enabled.
14:22:56.448 [Test worker] ERROR lms_pages.UI.LoginPage -- [isUserLoggedIn]: User is not logged in.
14:22:56.747 [Test worker] INFO  lms_tests.BaseTest -- TEST PASSED, Time taken: [2312] milliseconds;
14:22:57.145 [Test worker] INFO  lms_tests.BaseTest -- [===================================[ LOGIN_STUDENT_CONFIRMED_WITHOUT_PASS_PRIMARY_COHORT_NONE ]===================================]
14:22:57.145 [Test worker] INFO  lms_tests.BaseTest -- TEST START;
14:22:58.185 [Test worker] ERROR lms_pages.UI.LoginPage -- [loginMethod]: Password is empty.
14:22:58.227 [Test worker] ERROR lms_pages.UI.LoginPage -- [loginMethod]: Sign In button not found or not enabled.
14:22:59.236 [Test worker] ERROR lms_pages.UI.LoginPage -- [isUserLoggedIn]: User is not logged in.
14:22:59.543 [Test worker] INFO  lms_tests.BaseTest -- TEST PASSED, Time taken: [2397] milliseconds;
14:22:59.920 [Test worker] INFO  lms_tests.BaseTest -- [===================================[ LOGIN_STUDENT_CONFIRMED_WITH_NAME_PASSWORD_BY_USERNAME_PASSWORD ]===================================]
14:22:59.921 [Test worker] INFO  lms_tests.BaseTest -- TEST START;
14:23:01.953 [Test worker] ERROR lms_pages.UI.LoginPage -- [isUserLoggedIn]: User is logged in.
14:23:02.077 [Test worker] INFO  lms_pages.UI.LoginPage -- FILE TRACE: /home/runner/work/ALLCOM_QA_PLAYWRIGHT/ALLCOM_QA_PLAYWRIGHT/src/test_logs/LOGIN_STUDENT_CONFIRMED_WITH_NAME_PASSWORD_BY_USERNAME_PASSWORD_14-23-01/Trace.zip
14:23:02.305 [Test worker] INFO  lms_pages.UI.LoginPage -- FILE SCREENSHOT: /home/runner/work/ALLCOM_QA_PLAYWRIGHT/ALLCOM_QA_PLAYWRIGHT/src/test_logs/LOGIN_STUDENT_CONFIRMED_WITH_NAME_PASSWORD_BY_USERNAME_PASSWORD_14-23-01/Screenshot.png
14:23:02.314 [Test worker] INFO  lms_pages.UI.LoginPage -- FILE PAGE : /home/runner/work/ALLCOM_QA_PLAYWRIGHT/ALLCOM_QA_PLAYWRIGHT/src/test_logs/LOGIN_STUDENT_CONFIRMED_WITH_NAME_PASSWORD_BY_USERNAME_PASSWORD_14-23-01/Page Source.html
14:23:02.650 [Test worker] INFO  lms_pages.UI.LoginPage -- FILE VIDEO: /home/runner/work/ALLCOM_QA_PLAYWRIGHT/ALLCOM_QA_PLAYWRIGHT/src/test_logs/LOGIN_STUDENT_CONFIRMED_WITH_NAME_PASSWORD_BY_USERNAME_PASSWORD_14-23-01/Video.webm
14:23:02.655 [Test worker] INFO  lms_pages.UI.LoginPage -- FILE HAR  : /home/runner/work/ALLCOM_QA_PLAYWRIGHT/ALLCOM_QA_PLAYWRIGHT/src/test_logs/LOGIN_STUDENT_CONFIRMED_WITH_NAME_PASSWORD_BY_USERNAME_PASSWORD_14-23-01/Har.har
14:23:02.655 [Test worker] ERROR lms_tests.BaseTest -- TEST FAILED, Time taken: [2734] milliseconds;
14:23:03.044 [Test worker] INFO  lms_tests.BaseTest -- [===================================[ LOGIN_STUDENT_NOT_CONFIRMED_PRIMARY_COHORT_5 ]===================================]
14:23:03.044 [Test worker] INFO  lms_tests.BaseTest -- TEST START;
14:23:04.341 [Test worker] ERROR lms_pages.UI.LoginPage -- [loginMethod]: USER [s05@dev-lms.de] and PASSWORD [lms-dev-pass-2024] is not logged in because login or password is invalid, user not exist or not confirmed yet.
14:23:04.347 [Test worker] ERROR lms_pages.UI.LoginPage -- [isUserLoggedIn]: User is not logged in.
14:23:04.483 [Test worker] INFO  lms_tests.BaseTest -- TEST PASSED, Time taken: [1438] milliseconds;
14:23:04.887 [Test worker] INFO  lms_tests.BaseTest -- [===================================[ LOGIN_STUDENT_NOT_CONFIRMED_PRIMARY_COHORT_NONE ]===================================]
14:23:04.887 [Test worker] INFO  lms_tests.BaseTest -- TEST START;
14:23:06.194 [Test worker] ERROR lms_pages.UI.LoginPage -- [loginMethod]: USER [s09@dev-lms.de] and PASSWORD [lms-dev-pass-2024] is not logged in because login or password is invalid, user not exist or not confirmed yet.
14:23:06.200 [Test worker] ERROR lms_pages.UI.LoginPage -- [isUserLoggedIn]: User is not logged in.
14:23:06.495 [Test worker] INFO  lms_tests.BaseTest -- TEST PASSED, Time taken: [1607] milliseconds;
14:23:06.942 [Test worker] INFO  lms_tests.BaseTest -- [===================================[ LOGIN_STUDENT_NOT_CONFIRMED_WITHOUT_EMAIL ]===================================]
14:23:06.943 [Test worker] INFO  lms_tests.BaseTest -- TEST START;
14:23:07.838 [Test worker] ERROR lms_pages.UI.LoginPage -- [loginMethod]: Email address is empty.
14:23:08.015 [Test worker] ERROR lms_pages.UI.LoginPage -- [loginMethod]: Sign In button not found or not enabled.
14:23:09.028 [Test worker] ERROR lms_pages.UI.LoginPage -- [isUserLoggedIn]: User is not logged in.
14:23:09.341 [Test worker] INFO  lms_tests.BaseTest -- TEST PASSED, Time taken: [2398] milliseconds;
14:23:09.739 [Test worker] INFO  lms_tests.BaseTest -- [===================================[ LOGIN_STUDENT_NOT_CONFIRMED_WITHOUT_PASS ]===================================]
14:23:09.739 [Test worker] INFO  lms_tests.BaseTest -- TEST START;
14:23:10.679 [Test worker] ERROR lms_pages.UI.LoginPage -- [loginMethod]: Password is empty.
14:23:10.733 [Test worker] ERROR lms_pages.UI.LoginPage -- [loginMethod]: Sign In button not found or not enabled.
14:23:11.740 [Test worker] ERROR lms_pages.UI.LoginPage -- [isUserLoggedIn]: User is not logged in.
14:23:12.043 [Test worker] INFO  lms_tests.BaseTest -- TEST PASSED, Time taken: [2303] milliseconds;
14:23:12.455 [Test worker] INFO  lms_tests.BaseTest -- [===================================[ LOGIN_TEACHER_CONFIRMED_WITHOUT_ZOOM_ACCOUNT ]===================================]
14:23:12.455 [Test worker] INFO  lms_tests.BaseTest -- TEST START;
14:23:14.541 [Test worker] ERROR lms_pages.UI.LoginPage -- [isUserLoggedIn]: User is logged in.
14:23:14.849 [Test worker] INFO  lms_tests.BaseTest -- TEST PASSED, Time taken: [2393] milliseconds;
14:23:15.243 [Test worker] INFO  lms_tests.BaseTest -- [===================================[ LOGIN_TEACHER_CONFIRMED_WITH_INVALID_ZOOM_ACCOUNT ]===================================]
14:23:15.243 [Test worker] INFO  lms_tests.BaseTest -- TEST START;
14:23:17.940 [Test worker] ERROR lms_pages.UI.LoginPage -- [isUserLoggedIn]: User is logged in.
14:23:18.257 [Test worker] INFO  lms_tests.BaseTest -- TEST PASSED, Time taken: [3014] milliseconds;
14:23:18.638 [Test worker] INFO  lms_tests.BaseTest -- [===================================[ LOGIN_TEACHER_CONFIRMED_WITH_VALID_ZOOM_ACCOUNT ]===================================]
14:23:18.638 [Test worker] INFO  lms_tests.BaseTest -- TEST START;
14:23:20.686 [Test worker] ERROR lms_pages.UI.LoginPage -- [isUserLoggedIn]: User is logged in.
14:23:20.963 [Test worker] INFO  lms_tests.BaseTest -- TEST PASSED, Time taken: [2325] milliseconds;
14:23:21.344 [Test worker] INFO  lms_tests.BaseTest -- [===================================[ LOGIN_TEACHER_NOT_CONFIRMED_WITHOUT_ZOOM_ACCOUNT ]===================================]
14:23:21.344 [Test worker] INFO  lms_tests.BaseTest -- TEST START;
14:23:22.593 [Test worker] ERROR lms_pages.UI.LoginPage -- [loginMethod]: USER [t06@dev-lms.de] and PASSWORD [lms-dev-pass-2024] is not logged in because login or password is invalid, user not exist or not confirmed yet.
14:23:22.598 [Test worker] ERROR lms_pages.UI.LoginPage -- [isUserLoggedIn]: User is not logged in.
14:23:22.756 [Test worker] INFO  lms_tests.BaseTest -- TEST PASSED, Time taken: [1411] milliseconds;
14:23:23.155 [Test worker] INFO  lms_tests.BaseTest -- [===================================[ LOGIN_TEACHER_NOT_CONFIRMED_WITHOUT_ZOOM_ACCOUNT_WITHOUT_PASSWORD ]===================================]
14:23:23.155 [Test worker] INFO  lms_tests.BaseTest -- TEST START;
14:23:24.111 [Test worker] ERROR lms_pages.UI.LoginPage -- [loginMethod]: Password is empty.
14:23:24.148 [Test worker] ERROR lms_pages.UI.LoginPage -- [loginMethod]: Sign In button not found or not enabled.
14:23:25.159 [Test worker] ERROR lms_pages.UI.LoginPage -- [isUserLoggedIn]: User is not logged in.
14:23:25.468 [Test worker] INFO  lms_tests.BaseTest -- TEST PASSED, Time taken: [2313] milliseconds;
14:23:25.892 [Test worker] INFO  lms_tests.BaseTest -- [===================================[ LOGIN_TEACHER_NOT_CONFIRMED_WITH_INVALID_ZOOM_ACCOUNT ]===================================]
14:23:25.893 [Test worker] INFO  lms_tests.BaseTest -- TEST START;
14:23:27.685 [Test worker] ERROR lms_pages.UI.LoginPage -- [loginMethod]: USER [t02@dev-lms.de] and PASSWORD [lms-dev-pass-2024] is not logged in because login or password is invalid, user not exist or not confirmed yet.
14:23:27.707 [Test worker] ERROR lms_pages.UI.LoginPage -- [isUserLoggedIn]: User is not logged in.
14:23:28.033 [Test worker] INFO  lms_tests.BaseTest -- TEST PASSED, Time taken: [2140] milliseconds;
</pre>
</span>
</div>
</div>
<div id="footer">
<p>
<div>
<label class="hidden" id="label-for-line-wrapping-toggle" for="line-wrapping-toggle">Wrap lines
<input id="line-wrapping-toggle" type="checkbox" autocomplete="off"/>
</label>
</div>Generated by 
<a href="http://www.gradle.org">Gradle 8.6</a> at Mar 18, 2024, 2:23:29 PM</p>
</div>
</div>
</body>
</html>
